Using pre-set license
Built from '2022.3/staging' branch; Version is '2022.3.15f1 (b58023a2b463) revision 11894819'; Using compiler version '192829333'; Build Type 'Release'
OS: 'Windows 10  (10.0.19045) 64bit Professional' Language: 'fr' Physical Memory: 24394 MB
BatchMode: 1, IsHumanControllingUs: 0, StartBugReporterOnCrash: 0, Is64bit: 1, IsPro: 1

COMMAND LINE ARGUMENTS:
C:\Program Files\Unity\Hub\Editor\2022.3.15f1\Editor\Unity.exe
-adb2
-batchMode
-noUpm
-name
AssetImportWorker1
-projectPath
C:/MasterGameancienTeam
-logFile
Logs/AssetImportWorker1.log
-srvPort
30836
Successfully changed project path to: C:/MasterGameancienTeam
C:/MasterGameancienTeam
[UnityMemory] Configuration Parameters - Can be set up in boot.config
    "memorysetup-bucket-allocator-granularity=16"
    "memorysetup-bucket-allocator-bucket-count=8"
    "memorysetup-bucket-allocator-block-size=33554432"
    "memorysetup-bucket-allocator-block-count=8"
    "memorysetup-main-allocator-block-size=16777216"
    "memorysetup-thread-allocator-block-size=16777216"
    "memorysetup-gfx-main-allocator-block-size=16777216"
    "memorysetup-gfx-thread-allocator-block-size=16777216"
    "memorysetup-cache-allocator-block-size=4194304"
    "memorysetup-typetree-allocator-block-size=2097152"
    "memorysetup-profiler-bucket-allocator-granularity=16"
    "memorysetup-profiler-bucket-allocator-bucket-count=8"
    "memorysetup-profiler-bucket-allocator-block-size=33554432"
    "memorysetup-profiler-bucket-allocator-block-count=8"
    "memorysetup-profiler-allocator-block-size=16777216"
    "memorysetup-profiler-editor-allocator-block-size=1048576"
    "memorysetup-temp-allocator-size-main=16777216"
    "memorysetup-job-temp-allocator-block-size=2097152"
    "memorysetup-job-temp-allocator-block-size-background=1048576"
    "memorysetup-job-temp-allocator-reduction-small-platforms=262144"
    "memorysetup-allocator-temp-initial-block-size-main=262144"
    "memorysetup-allocator-temp-initial-block-size-worker=262144"
    "memorysetup-temp-allocator-size-background-worker=32768"
    "memorysetup-temp-allocator-size-job-worker=262144"
    "memorysetup-temp-allocator-size-preload-manager=33554432"
    "memorysetup-temp-allocator-size-nav-mesh-worker=65536"
    "memorysetup-temp-allocator-size-audio-worker=65536"
    "memorysetup-temp-allocator-size-cloud-worker=32768"
    "memorysetup-temp-allocator-size-gi-baking-worker=262144"
    "memorysetup-temp-allocator-size-gfx=262144"
Player connection [48584] Host "[IP] 192.168.1.20 [Port] 0 [Flags] 2 [Guid] 3363763677 [EditorId] 3363763677 [Version] 1048832 [Id] WindowsEditor(7,DESKTOP-5350O11) [Debug] 1 [PackageName] WindowsEditor [ProjectName] Editor" joined multi-casting on [225.0.0.222:54997]...

Player connection [48584] Host "[IP] 192.168.1.20 [Port] 0 [Flags] 2 [Guid] 3363763677 [EditorId] 3363763677 [Version] 1048832 [Id] WindowsEditor(7,DESKTOP-5350O11) [Debug] 1 [PackageName] WindowsEditor [ProjectName] Editor" joined alternative multi-casting on [225.0.0.222:34997]...

[Physics::Module] Initialized MultithreadedJobDispatcher with 11 workers.
Refreshing native plugins compatible for Editor in 21.64 ms, found 7 plugins.
Preloading 0 native plugins for Editor in 0.00 ms.
Initialize engine version: 2022.3.15f1 (b58023a2b463)
[Subsystems] Discovering subsystems at path C:/Program Files/Unity/Hub/Editor/2022.3.15f1/Editor/Data/Resources/UnitySubsystems
[Subsystems] Discovering subsystems at path C:/MasterGameancienTeam/Assets
GfxDevice: creating device client; threaded=0; jobified=0
Direct3D:
    Version:  Direct3D 11.0 [level 11.1]
    Renderer: NVIDIA GeForce GTX 1650 with Max-Q Design (ID=0x1f9d)
    Vendor:   NVIDIA
    VRAM:     3935 MB
    Driver:   32.0.15.5599
Shader 'WFX/Transparent Diffuse': fallback shader 'Particles/Alpha Blended' not found
Shader 'WFX/Transparent Specular': fallback shader 'Particles/Alpha Blended' not found
Initialize mono
Mono path[0] = 'C:/Program Files/Unity/Hub/Editor/2022.3.15f1/Editor/Data/Managed'
Mono path[1] = 'C:/Program Files/Unity/Hub/Editor/2022.3.15f1/Editor/Data/MonoBleedingEdge/lib/mono/unityjit-win32'
Mono config path = 'C:/Program Files/Unity/Hub/Editor/2022.3.15f1/Editor/Data/MonoBleedingEdge/etc'
Using monoOptions --debugger-agent=transport=dt_socket,embedding=1,server=y,suspend=n,address=127.0.0.1:56720
Begin MonoManager ReloadAssembly
Registering precompiled unity dll's ...
Register platform support module: C:/Program Files/Unity/Hub/Editor/2022.3.15f1/Editor/Data/PlaybackEngines/WebGLSupport/UnityEditor.WebGL.Extensions.dll
Register platform support module: C:/Program Files/Unity/Hub/Editor/2022.3.15f1/Editor/Data/PlaybackEngines/AndroidPlayer/UnityEditor.Android.Extensions.dll
Register platform support module: C:/Program Files/Unity/Hub/Editor/2022.3.15f1/Editor/Data/PlaybackEngines/WindowsStandaloneSupport/UnityEditor.WindowsStandalone.Extensions.dll
Register platform support module: C:/Program Files/Unity/Hub/Editor/2022.3.15f1/Editor/Data/PlaybackEngines/MetroSupport/UnityEditor.UWP.Extensions.dll
Registered in 0.018083 seconds.
- Loaded All Assemblies, in  0.462 seconds
Native extension for UWP target not found
Native extension for WindowsStandalone target not found
Native extension for Android target not found
Android Extension - Scanning For ADB Devices 301 ms
Native extension for WebGL target not found
Mono: successfully reloaded assembly
- Finished resetting the current domain, in  0.752 seconds
Domain Reload Profiling: 1212ms
	BeginReloadAssembly (129ms)
		ExecutionOrderSort (0ms)
		DisableScriptedObjects (0ms)
		BackupInstance (0ms)
		ReleaseScriptingObjects (0ms)
		CreateAndSetChildDomain (1ms)
	RebuildCommonClasses (42ms)
	RebuildNativeTypeToScriptingClass (13ms)
	initialDomainReloadingComplete (83ms)
	LoadAllAssembliesAndSetupDomain (191ms)
		LoadAssemblies (129ms)
		RebuildTransferFunctionScriptingTraits (0ms)
		AnalyzeDomain (186ms)
			TypeCache.Refresh (184ms)
				TypeCache.ScanAssembly (167ms)
			ScanForSourceGeneratedMonoScriptInfo (1ms)
			ResolveRequiredComponents (1ms)
	FinalizeReload (753ms)
		ReleaseScriptCaches (0ms)
		RebuildScriptCaches (0ms)
		SetupLoadedEditorAssemblies (672ms)
			LogAssemblyErrors (0ms)
			InitializePlatformSupportModulesInManaged (453ms)
			SetLoadedEditorAssemblies (5ms)
			RefreshPlugins (0ms)
			BeforeProcessingInitializeOnLoad (3ms)
			ProcessInitializeOnLoadAttributes (141ms)
			ProcessInitializeOnLoadMethodAttributes (70ms)
			AfterProcessingInitializeOnLoad (0ms)
			EditorAssembliesLoaded (0ms)
		ExecutionOrderSort2 (0ms)
		AwakeInstancesAfterBackupRestoration (0ms)
========================================================================
Worker process is ready to serve import requests
Begin MonoManager ReloadAssembly
Symbol file LoadedFromMemory is not a mono symbol file
- Loaded All Assemblies, in  1.342 seconds
Refreshing native plugins compatible for Editor in 9.34 ms, found 7 plugins.
Native extension for UWP target not found
Native extension for WindowsStandalone target not found
Native extension for Android target not found
Native extension for WebGL target not found
[MODES] ModeService[none].Initialize
[MODES] ModeService[none].LoadModes
[MODES] Loading mode Default (0) for mode-current-id-MasterGame
Cancelling DisplayDialogComplex: Heureka Upgrade detected Please remove old Heureka Folder and import again through PackageManager (my Assets)
This should not be called in batch mode.
UnityEngine.StackTraceUtility:ExtractStackTrace ()
UnityEditor.EditorUtility:DisplayDialogComplex (string,string,string,string,string)
UnityEditor.EditorUtility:DisplayDialog (string,string,string,string,string,bool&)
UnityEditor.EditorUtility:DisplayDialog (string,string,string,string,UnityEditor.DialogOptOutDecisionType,string)
UnityEditor.EditorUtility:DisplayDialog (string,string,string,UnityEditor.DialogOptOutDecisionType,string)
HeurekaGames.Upgrade.Upgrader:TryUpgrade (bool) (at ./Packages/com.heurekagames.utils/Upgrade/Editor/Upgrader.cs:60)
HeurekaGames.Upgrade.Upgrader:.cctor () (at ./Packages/com.heurekagames.utils/Upgrade/Editor/Upgrader.cs:32)
System.Runtime.CompilerServices.RuntimeHelpers:RunClassConstructor (System.RuntimeTypeHandle)
UnityEditor.EditorAssemblies:ProcessInitializeOnLoadAttributes (System.Type[])

[./Packages/com.heurekagames.utils/Upgrade/Editor/Upgrader.cs line 60]

HeurekaGames: Old HeurekaGames assets found
UnityEngine.StackTraceUtility:ExtractStackTrace ()
UnityEngine.DebugLogHandler:LogFormat (UnityEngine.LogType,UnityEngine.Object,string,object[])
UnityEngine.Logger:Log (UnityEngine.LogType,object)
UnityEngine.Debug:LogWarning (object)
HeurekaGames.Upgrade.Upgrader:TryUpgrade (bool) (at ./Packages/com.heurekagames.utils/Upgrade/Editor/Upgrader.cs:66)
HeurekaGames.Upgrade.Upgrader:.cctor () (at ./Packages/com.heurekagames.utils/Upgrade/Editor/Upgrader.cs:32)
System.Runtime.CompilerServices.RuntimeHelpers:RunClassConstructor (System.RuntimeTypeHandle)
UnityEditor.EditorAssemblies:ProcessInitializeOnLoadAttributes (System.Type[])

(Filename: ./Packages/com.heurekagames.utils/Upgrade/Editor/Upgrader.cs Line: 66)

If you experience problems, plaese manually remove the Heureka assets in project, and reimport using Package Manager
UnityEngine.StackTraceUtility:ExtractStackTrace ()
UnityEngine.DebugLogHandler:LogFormat (UnityEngine.LogType,UnityEngine.Object,string,object[])
UnityEngine.Logger:Log (UnityEngine.LogType,object)
UnityEngine.Debug:LogWarning (object)
HeurekaGames.Upgrade.Upgrader:TryUpgrade (bool) (at ./Packages/com.heurekagames.utils/Upgrade/Editor/Upgrader.cs:67)
HeurekaGames.Upgrade.Upgrader:.cctor () (at ./Packages/com.heurekagames.utils/Upgrade/Editor/Upgrader.cs:32)
System.Runtime.CompilerServices.RuntimeHelpers:RunClassConstructor (System.RuntimeTypeHandle)
UnityEditor.EditorAssemblies:ProcessInitializeOnLoadAttributes (System.Type[])

(Filename: ./Packages/com.heurekagames.utils/Upgrade/Editor/Upgrader.cs Line: 67)

Package Manager log level set to [2]
[Package Manager] Server::EnsureServerProcessIsRunning -- launch failed, reason: Unity was launched with the -noUpm command-line argument
[Package Manager] UpmClient::Send -- Unable to send message (not connected to UPM process).
[Package Manager] Cannot connect to Unity Package Manager local server
Mono: successfully reloaded assembly
- Finished resetting the current domain, in  1.561 seconds
Domain Reload Profiling: 2897ms
	BeginReloadAssembly (190ms)
		ExecutionOrderSort (0ms)
		DisableScriptedObjects (7ms)
		BackupInstance (0ms)
		ReleaseScriptingObjects (0ms)
		CreateAndSetChildDomain (24ms)
	RebuildCommonClasses (38ms)
	RebuildNativeTypeToScriptingClass (17ms)
	initialDomainReloadingComplete (55ms)
	LoadAllAssembliesAndSetupDomain (1036ms)
		LoadAssemblies (705ms)
		RebuildTransferFunctionScriptingTraits (0ms)
		AnalyzeDomain (445ms)
			TypeCache.Refresh (364ms)
				TypeCache.ScanAssembly (335ms)
			ScanForSourceGeneratedMonoScriptInfo (58ms)
			ResolveRequiredComponents (20ms)
	FinalizeReload (1561ms)
		ReleaseScriptCaches (0ms)
		RebuildScriptCaches (0ms)
		SetupLoadedEditorAssemblies (1306ms)
			LogAssemblyErrors (0ms)
			InitializePlatformSupportModulesInManaged (32ms)
			SetLoadedEditorAssemblies (8ms)
			RefreshPlugins (0ms)
			BeforeProcessingInitializeOnLoad (221ms)
			ProcessInitializeOnLoadAttributes (920ms)
			ProcessInitializeOnLoadMethodAttributes (116ms)
			AfterProcessingInitializeOnLoad (9ms)
			EditorAssembliesLoaded (0ms)
		ExecutionOrderSort2 (0ms)
		AwakeInstancesAfterBackupRestoration (7ms)
Shader 'Toon/Lighted Outline': fallback shader 'Toon/Lighted' not found
WARNING: Shader Unsupported: 'Toon/Lighted Outline' - All subshaders removed
WARNING: Shader Did you use #pragma only_renderers and omit this platform?
WARNING: Shader If subshaders removal was intentional, you may have forgotten turning Fallback off?
WARNING: Shader Unsupported: 'Toon/Lighted Outline' - All subshaders removed
WARNING: Shader Did you use #pragma only_renderers and omit this platform?
WARNING: Shader If subshaders removal was intentional, you may have forgotten turning Fallback off?
Shader 'Toon/Lighted Outline': fallback shader 'Toon/Lighted' not found
WARNING: Shader Unsupported: 'Toon/Lighted Outline' - All subshaders removed
WARNING: Shader Did you use #pragma only_renderers and omit this platform?
WARNING: Shader If subshaders removal was intentional, you may have forgotten turning Fallback off?
WARNING: Shader Unsupported: 'Toon/Lighted Outline' - All subshaders removed
WARNING: Shader Did you use #pragma only_renderers and omit this platform?
WARNING: Shader If subshaders removal was intentional, you may have forgotten turning Fallback off?
Shader 'WFX/Transparent Specular': fallback shader 'Particles/Alpha Blended' not found
Shader 'WFX/Transparent Diffuse': fallback shader 'Particles/Alpha Blended' not found
Launched and connected shader compiler UnityShaderCompiler.exe after 0.04 seconds
Refreshing native plugins compatible for Editor in 11.28 ms, found 7 plugins.
Preloading 0 native plugins for Editor in 0.00 ms.
Unloading 7571 Unused Serialized files (Serialized files now loaded: 0)
Unloading 138 unused Assets / (2.1 MB). Loaded Objects now: 8025.
Memory consumption went from 322.0 MB to 319.8 MB.
Total: 6.907300 ms (FindLiveObjects: 0.712000 ms CreateObjectMapping: 0.753400 ms MarkObjects: 4.595900 ms  DeleteObjects: 0.845200 ms)

AssetImportParameters requested are different than current active one (requested -> active):
  custom:container-demuxer-ogg: 62fdf1f143b41e24485cea50d1cbac27 -> 
  custom:framework-win-MediaFoundation: 216162199b28c13a410421893ffa2e32 -> 
  custom:container-muxer-webm: aa71ff27fc2769a1b78a27578f13a17b -> 
  custom:video-decoder-webm-vp8: 9c59270c3fd7afecdb556c50c9e8de78 -> 
  custom:SearchIndexIgnoredProperties: e643bd26f0fe6173181afceb89e7c659 -> 
  custom:AudioImporter_EditorPlatform: d09bf68614088b80899f8185d706f6e7 -> 
  custom:audio-decoder-ogg-vorbis: bf7c407c2cedff20999df2af8eb42d56 -> 
  custom:audio-encoder-webm-vorbis: bf7c407c2cedff20999df2af8eb42d56 -> 
  custom:video-decoder-ogg-theora: a1e56fd34408186e4bbccfd4996cb3dc -> 
  custom:CustomObjectIndexerAttribute: 39606d92bcf39ac9cd6fca1116091104 -> 
  custom:container-demuxer-webm: 4f35f7cbe854078d1ac9338744f61a02 -> 
  custom:video-encoder-webm-vp8: eb34c28f22e8b96e1ab97ce403110664 -> 
  custom:scripting/monoscript/fileName/Heureka_PackageDataManagerEditor.cs:  -> 1777346dfd4a472babfe02657061ddf3
  custom:scripting/monoscript/fileName/Heureka_ResourceLoader.cs:  -> f968c1c99fece12703bda844d81df314
  custom:scripting/monoscript/fileName/Heureka_PackageDataPromo.cs:  -> 4cc54aaaeb48b855d6de281427db7b0e
  custom:scripting/precompiled-assembly-types:HeurekaGames.Utils:  -> 358c0362095dad5087e28f1fb8ae1940
  custom:scripting/monoscript/fileName/Heureka_PackageData.cs:  -> a77d8fa82b756be5854c89b125e4179c
  custom:scripting/monoscript/fileName/Heureka_EditorData.cs:  -> 9bcdb3f6232f4ef0847dc88c656ad317
  custom:scripting/monoscript/fileName/Heureka_WindowStyler.cs:  -> 68063522d7ff4309dd6997c7f092f308
  custom:scripting/monoscript/fileName/Heureka_PackageDataVersioned.cs:  -> 8bd6864688daa554a7b01da6e8fa7515
  custom:scripting/monoscript/fileName/Upgrader.cs:  -> 587760d19ff8e68581659a0be679f9bc
  custom:scripting/precompiled-assembly-types:Heureka.Upgrade:  -> 3b92ade02d58551b76b10122116daa8b
  custom:scripting/monoscript/fileName/Heureka_Serializer.cs:  -> ad34013e842a89497f5be81aea27204f
  custom:scripting/monoscript/fileName/Heureka_AddDefineSymbols.cs:  -> 62455b51b186fb7971d30de238639228
  custom:scripting/monoscript/fileName/Heureka_PackageDataManager.cs:  -> 4d35c4ef08ffad6b0e14f70c7aa30310
========================================================================
Received Import Request.
  Time since last request: 359765.168682 seconds.
  path: Assets/Animations
  artifactKey: Guid(443d98ee7e9a2c34bafbe52e5e4a4196) Importer(815301076,1909f56bfc062723c751e8b465ee728b)
Start importing Assets/Animations using Guid(443d98ee7e9a2c34bafbe52e5e4a4196) Importer(815301076,1909f56bfc062723c751e8b465ee728b)  -> (artifact id: '0686c68ba826d6e6d398624b1c89df03') in 0.002279 seconds
Number of updated asset objects reloaded before import = 0
Number of asset objects unloaded after import = 0
========================================================================
Received Prepare
Begin MonoManager ReloadAssembly
Symbol file LoadedFromMemory is not a mono symbol file
- Loaded All Assemblies, in  1.188 seconds
Refreshing native plugins compatible for Editor in 11.89 ms, found 7 plugins.
Native extension for UWP target not found
Native extension for WindowsStandalone target not found
Native extension for Android target not found
Native extension for WebGL target not found
[MODES] ModeService[none].Initialize
[MODES] ModeService[none].LoadModes
[MODES] Loading mode Default (0) for mode-current-id-MasterGame
[Package Manager] Server::EnsureServerProcessIsRunning -- launch failed, reason: Unity was launched with the -noUpm command-line argument
[Package Manager] UpmClient::Send -- Unable to send message (not connected to UPM process).
[Package Manager] Cannot connect to Unity Package Manager local server
Mono: successfully reloaded assembly
- Finished resetting the current domain, in  2.773 seconds
Domain Reload Profiling: 3952ms
	BeginReloadAssembly (253ms)
		ExecutionOrderSort (0ms)
		DisableScriptedObjects (16ms)
		BackupInstance (0ms)
		ReleaseScriptingObjects (0ms)
		CreateAndSetChildDomain (67ms)
	RebuildCommonClasses (49ms)
	RebuildNativeTypeToScriptingClass (22ms)
	initialDomainReloadingComplete (54ms)
	LoadAllAssembliesAndSetupDomain (801ms)
		LoadAssemblies (776ms)
		RebuildTransferFunctionScriptingTraits (0ms)
		AnalyzeDomain (144ms)
			TypeCache.Refresh (42ms)
				TypeCache.ScanAssembly (6ms)
			ScanForSourceGeneratedMonoScriptInfo (68ms)
			ResolveRequiredComponents (31ms)
	FinalizeReload (2773ms)
		ReleaseScriptCaches (0ms)
		RebuildScriptCaches (0ms)
		SetupLoadedEditorAssemblies (1391ms)
			LogAssemblyErrors (0ms)
			InitializePlatformSupportModulesInManaged (41ms)
			SetLoadedEditorAssemblies (8ms)
			RefreshPlugins (0ms)
			BeforeProcessingInitializeOnLoad (314ms)
			ProcessInitializeOnLoadAttributes (928ms)
			ProcessInitializeOnLoadMethodAttributes (91ms)
			AfterProcessingInitializeOnLoad (8ms)
			EditorAssembliesLoaded (1ms)
		ExecutionOrderSort2 (0ms)
		AwakeInstancesAfterBackupRestoration (16ms)
Shader 'Toon/Lighted Outline': fallback shader 'Toon/Lighted' not found
WARNING: Shader Unsupported: 'Toon/Lighted Outline' - All subshaders removed
WARNING: Shader Did you use #pragma only_renderers and omit this platform?
WARNING: Shader If subshaders removal was intentional, you may have forgotten turning Fallback off?
WARNING: Shader Unsupported: 'Toon/Lighted Outline' - All subshaders removed
WARNING: Shader Did you use #pragma only_renderers and omit this platform?
WARNING: Shader If subshaders removal was intentional, you may have forgotten turning Fallback off?
Shader 'Toon/Lighted Outline': fallback shader 'Toon/Lighted' not found
WARNING: Shader Unsupported: 'Toon/Lighted Outline' - All subshaders removed
WARNING: Shader Did you use #pragma only_renderers and omit this platform?
WARNING: Shader If subshaders removal was intentional, you may have forgotten turning Fallback off?
WARNING: Shader Unsupported: 'Toon/Lighted Outline' - All subshaders removed
WARNING: Shader Did you use #pragma only_renderers and omit this platform?
WARNING: Shader If subshaders removal was intentional, you may have forgotten turning Fallback off?
Shader 'WFX/Transparent Specular': fallback shader 'Particles/Alpha Blended' not found
Shader 'WFX/Transparent Diffuse': fallback shader 'Particles/Alpha Blended' not found
Refreshing native plugins compatible for Editor in 10.64 ms, found 7 plugins.
Preloading 0 native plugins for Editor in 0.00 ms.
Unloading 7309 Unused Serialized files (Serialized files now loaded: 0)
Unloading 135 unused Assets / (2.1 MB). Loaded Objects now: 7993.
Memory consumption went from 268.7 MB to 266.6 MB.
Total: 12.015600 ms (FindLiveObjects: 0.865800 ms CreateObjectMapping: 0.981900 ms MarkObjects: 8.517600 ms  DeleteObjects: 1.648800 ms)

Prepare: number of updated asset objects reloaded= 0
AssetImportParameters requested are different than current active one (requested -> active):
  custom:container-demuxer-ogg: 62fdf1f143b41e24485cea50d1cbac27 -> 
  custom:framework-win-MediaFoundation: 216162199b28c13a410421893ffa2e32 -> 
  custom:container-muxer-webm: aa71ff27fc2769a1b78a27578f13a17b -> 
  custom:video-decoder-webm-vp8: 9c59270c3fd7afecdb556c50c9e8de78 -> 
  custom:SearchIndexIgnoredProperties: e643bd26f0fe6173181afceb89e7c659 -> 
  custom:AudioImporter_EditorPlatform: d09bf68614088b80899f8185d706f6e7 -> 
  custom:audio-decoder-ogg-vorbis: bf7c407c2cedff20999df2af8eb42d56 -> 
  custom:audio-encoder-webm-vorbis: bf7c407c2cedff20999df2af8eb42d56 -> 
  custom:video-decoder-ogg-theora: a1e56fd34408186e4bbccfd4996cb3dc -> 
  custom:CustomObjectIndexerAttribute: 39606d92bcf39ac9cd6fca1116091104 -> 
  custom:container-demuxer-webm: 4f35f7cbe854078d1ac9338744f61a02 -> 
  custom:video-encoder-webm-vp8: eb34c28f22e8b96e1ab97ce403110664 -> 
  custom:scripting/monoscript/fileName/Heureka_PackageDataManagerEditor.cs:  -> 1777346dfd4a472babfe02657061ddf3
  custom:scripting/monoscript/fileName/Heureka_ResourceLoader.cs:  -> f968c1c99fece12703bda844d81df314
  custom:scripting/monoscript/fileName/Heureka_PackageDataPromo.cs:  -> 4cc54aaaeb48b855d6de281427db7b0e
  custom:scripting/monoscript/fileName/Heureka_PackageData.cs:  -> a77d8fa82b756be5854c89b125e4179c
  custom:scripting/monoscript/fileName/Heureka_EditorData.cs:  -> 9bcdb3f6232f4ef0847dc88c656ad317
  custom:scripting/monoscript/fileName/Heureka_WindowStyler.cs:  -> 68063522d7ff4309dd6997c7f092f308
  custom:scripting/monoscript/fileName/Heureka_PackageDataVersioned.cs:  -> 8bd6864688daa554a7b01da6e8fa7515
  custom:scripting/monoscript/fileName/Heureka_Serializer.cs:  -> ad34013e842a89497f5be81aea27204f
  custom:scripting/monoscript/fileName/Heureka_AddDefineSymbols.cs:  -> 62455b51b186fb7971d30de238639228
  custom:scripting/monoscript/fileName/Heureka_PackageDataManager.cs:  -> 4d35c4ef08ffad6b0e14f70c7aa30310
========================================================================
Received Prepare
Assembly with name 'HeurekaGames.Utils' already exists (Assets/Heureka/Global/Editor/Heureka_GlobalAssemblyDefinition.asmdef)
Assembly with name 'HeurekaGames.Utils' already exists (Packages/com.heurekagames.utils/Editor/Heureka_GlobalAssemblyDefinition.asmdef)
Assembly with name 'HeurekaGames.AssetHunterPRO.Editor' already exists (Assets/Heureka/AssetHunterPRO/Editor/Scripts/AH_AssemblyDefinition.asmdef)
Assembly with name 'HeurekaGames.AssetHunterPRO.Editor' already exists (Packages/com.heurekagames.assethunterpro/Editor/Scripts/AH_AssemblyDefinition.asmdef)
Assembly with name 'HeurekaGames.Utils' already exists (Assets/Heureka/Global/Editor/Heureka_GlobalAssemblyDefinition.asmdef)
Assembly with name 'HeurekaGames.Utils' already exists (Packages/com.heurekagames.utils/Editor/Heureka_GlobalAssemblyDefinition.asmdef)
Assembly with name 'HeurekaGames.AssetHunterPRO.Editor' already exists (Assets/Heureka/AssetHunterPRO/Editor/Scripts/AH_AssemblyDefinition.asmdef)
Assembly with name 'HeurekaGames.AssetHunterPRO.Editor' already exists (Packages/com.heurekagames.assethunterpro/Editor/Scripts/AH_AssemblyDefinition.asmdef)
Begin MonoManager ReloadAssembly
Symbol file LoadedFromMemory is not a mono symbol file
- Loaded All Assemblies, in  1.301 seconds
Refreshing native plugins compatible for Editor in 16.06 ms, found 7 plugins.
Native extension for UWP target not found
Native extension for WindowsStandalone target not found
Native extension for Android target not found
Native extension for WebGL target not found
Assembly with name 'HeurekaGames.Utils' already exists (Assets/Heureka/Global/Editor/Heureka_GlobalAssemblyDefinition.asmdef)
Assembly with name 'HeurekaGames.Utils' already exists (Packages/com.heurekagames.utils/Editor/Heureka_GlobalAssemblyDefinition.asmdef)
Assembly with name 'HeurekaGames.AssetHunterPRO.Editor' already exists (Assets/Heureka/AssetHunterPRO/Editor/Scripts/AH_AssemblyDefinition.asmdef)
Assembly with name 'HeurekaGames.AssetHunterPRO.Editor' already exists (Packages/com.heurekagames.assethunterpro/Editor/Scripts/AH_AssemblyDefinition.asmdef)
[MODES] ModeService[none].Initialize
[MODES] ModeService[none].LoadModes
[MODES] Loading mode Default (0) for mode-current-id-MasterGame
[Package Manager] Server::EnsureServerProcessIsRunning -- launch failed, reason: Unity was launched with the -noUpm command-line argument
[Package Manager] UpmClient::Send -- Unable to send message (not connected to UPM process).
[Package Manager] Cannot connect to Unity Package Manager local server
Mono: successfully reloaded assembly
- Finished resetting the current domain, in  3.280 seconds
Domain Reload Profiling: 4566ms
	BeginReloadAssembly (319ms)
		ExecutionOrderSort (0ms)
		DisableScriptedObjects (21ms)
		BackupInstance (0ms)
		ReleaseScriptingObjects (0ms)
		CreateAndSetChildDomain (89ms)
	RebuildCommonClasses (59ms)
	RebuildNativeTypeToScriptingClass (20ms)
	initialDomainReloadingComplete (61ms)
	LoadAllAssembliesAndSetupDomain (825ms)
		LoadAssemblies (866ms)
		RebuildTransferFunctionScriptingTraits (0ms)
		AnalyzeDomain (113ms)
			TypeCache.Refresh (32ms)
				TypeCache.ScanAssembly (8ms)
			ScanForSourceGeneratedMonoScriptInfo (54ms)
			ResolveRequiredComponents (25ms)
	FinalizeReload (3281ms)
		ReleaseScriptCaches (0ms)
		RebuildScriptCaches (0ms)
		SetupLoadedEditorAssemblies (1779ms)
			LogAssemblyErrors (0ms)
			InitializePlatformSupportModulesInManaged (44ms)
			SetLoadedEditorAssemblies (12ms)
			RefreshPlugins (0ms)
			BeforeProcessingInitializeOnLoad (418ms)
			ProcessInitializeOnLoadAttributes (1183ms)
			ProcessInitializeOnLoadMethodAttributes (112ms)
			AfterProcessingInitializeOnLoad (9ms)
			EditorAssembliesLoaded (1ms)
		ExecutionOrderSort2 (0ms)
		AwakeInstancesAfterBackupRestoration (19ms)
Shader 'Toon/Lighted Outline': fallback shader 'Toon/Lighted' not found
WARNING: Shader Unsupported: 'Toon/Lighted Outline' - All subshaders removed
WARNING: Shader Did you use #pragma only_renderers and omit this platform?
WARNING: Shader If subshaders removal was intentional, you may have forgotten turning Fallback off?
WARNING: Shader Unsupported: 'Toon/Lighted Outline' - All subshaders removed
WARNING: Shader Did you use #pragma only_renderers and omit this platform?
WARNING: Shader If subshaders removal was intentional, you may have forgotten turning Fallback off?
Shader 'WFX/Transparent Specular': fallback shader 'Particles/Alpha Blended' not found
Shader 'Toon/Lighted Outline': fallback shader 'Toon/Lighted' not found
WARNING: Shader Unsupported: 'Toon/Lighted Outline' - All subshaders removed
WARNING: Shader Did you use #pragma only_renderers and omit this platform?
WARNING: Shader If subshaders removal was intentional, you may have forgotten turning Fallback off?
WARNING: Shader Unsupported: 'Toon/Lighted Outline' - All subshaders removed
WARNING: Shader Did you use #pragma only_renderers and omit this platform?
WARNING: Shader If subshaders removal was intentional, you may have forgotten turning Fallback off?
Shader 'WFX/Transparent Diffuse': fallback shader 'Particles/Alpha Blended' not found
Refreshing native plugins compatible for Editor in 10.87 ms, found 7 plugins.
Preloading 0 native plugins for Editor in 0.00 ms.
Unloading 7357 Unused Serialized files (Serialized files now loaded: 0)
Unloading 85 unused Assets / (2.1 MB). Loaded Objects now: 8058.
Memory consumption went from 271.5 MB to 269.4 MB.
Total: 6.866800 ms (FindLiveObjects: 0.711200 ms CreateObjectMapping: 0.802700 ms MarkObjects: 4.546400 ms  DeleteObjects: 0.805100 ms)

Prepare: number of updated asset objects reloaded= 0
AssetImportParameters requested are different than current active one (requested -> active):
  custom:container-demuxer-ogg: 62fdf1f143b41e24485cea50d1cbac27 -> 
  custom:scripting/monoscript/fileName/Heureka_PackageDataManagerEditor.cs: 1777346dfd4a472babfe02657061ddf3 -> 0283f4e02a9fddc874a98bd37619e487
  custom:framework-win-MediaFoundation: 216162199b28c13a410421893ffa2e32 -> 
  custom:scripting/monoscript/fileName/Heureka_ResourceLoader.cs: f968c1c99fece12703bda844d81df314 -> 1c96955c0d2bdcf6c9597c61f0dbbb2b
  custom:container-muxer-webm: aa71ff27fc2769a1b78a27578f13a17b -> 
  custom:video-decoder-webm-vp8: 9c59270c3fd7afecdb556c50c9e8de78 -> 
  custom:SearchIndexIgnoredProperties: e643bd26f0fe6173181afceb89e7c659 -> 
  custom:AudioImporter_EditorPlatform: d09bf68614088b80899f8185d706f6e7 -> 
  custom:scripting/monoscript/fileName/Heureka_PackageDataPromo.cs: 4cc54aaaeb48b855d6de281427db7b0e -> 9b3d309badda0b98c73d79985aed4017
  custom:scripting/monoscript/fileName/Heureka_PackageData.cs: a77d8fa82b756be5854c89b125e4179c -> 1b81e305f1652a38d26557afd2951a42
  custom:audio-decoder-ogg-vorbis: bf7c407c2cedff20999df2af8eb42d56 -> 
  custom:audio-encoder-webm-vorbis: bf7c407c2cedff20999df2af8eb42d56 -> 
  custom:scripting/monoscript/fileName/Heureka_EditorData.cs: 9bcdb3f6232f4ef0847dc88c656ad317 -> 640097c863c02b4874826e48cd16873b
  custom:video-decoder-ogg-theora: a1e56fd34408186e4bbccfd4996cb3dc -> 
  custom:scripting/monoscript/fileName/Heureka_WindowStyler.cs: 68063522d7ff4309dd6997c7f092f308 -> 31bcc41fd6d24e07da288fcac32282a9
  custom:CustomObjectIndexerAttribute: 39606d92bcf39ac9cd6fca1116091104 -> 
  custom:container-demuxer-webm: 4f35f7cbe854078d1ac9338744f61a02 -> 
  custom:scripting/monoscript/fileName/Heureka_PackageDataVersioned.cs: 8bd6864688daa554a7b01da6e8fa7515 -> 5f3b2fbc37a50a86e9e7787676361484
  custom:video-encoder-webm-vp8: eb34c28f22e8b96e1ab97ce403110664 -> 
  custom:scripting/monoscript/fileName/Heureka_Serializer.cs: ad34013e842a89497f5be81aea27204f -> f8a1c36b6e9cfbcaaf6981d63a44d6f5
  custom:scripting/monoscript/fileName/Heureka_AddDefineSymbols.cs: 62455b51b186fb7971d30de238639228 -> 495ec52b205663ec118b592a19e4bc26
  custom:scripting/monoscript/fileName/Heureka_PackageDataManager.cs: 4d35c4ef08ffad6b0e14f70c7aa30310 -> ceb114dec810c7e1286ef6121c8e213a
========================================================================
Received Prepare
Assembly with name 'HeurekaGames.Utils' already exists (Assets/Heureka/Global/Editor/Heureka_GlobalAssemblyDefinition.asmdef)
Assembly with name 'HeurekaGames.Utils' already exists (Packages/com.heurekagames.utils/Editor/Heureka_GlobalAssemblyDefinition.asmdef)
Assembly with name 'HeurekaGames.AssetHunterPRO.Editor' already exists (Assets/Heureka/AssetHunterPRO/Editor/Scripts/AH_AssemblyDefinition.asmdef)
Assembly with name 'HeurekaGames.AssetHunterPRO.Editor' already exists (Packages/com.heurekagames.assethunterpro/Editor/Scripts/AH_AssemblyDefinition.asmdef)
Assembly with name 'HeurekaGames.Utils' already exists (Assets/Heureka/Global/Editor/Heureka_GlobalAssemblyDefinition.asmdef)
Assembly with name 'HeurekaGames.Utils' already exists (Packages/com.heurekagames.utils/Editor/Heureka_GlobalAssemblyDefinition.asmdef)
Assembly with name 'HeurekaGames.AssetHunterPRO.Editor' already exists (Assets/Heureka/AssetHunterPRO/Editor/Scripts/AH_AssemblyDefinition.asmdef)
Assembly with name 'HeurekaGames.AssetHunterPRO.Editor' already exists (Packages/com.heurekagames.assethunterpro/Editor/Scripts/AH_AssemblyDefinition.asmdef)
Begin MonoManager ReloadAssembly
Symbol file LoadedFromMemory is not a mono symbol file
- Loaded All Assemblies, in  0.946 seconds
Refreshing native plugins compatible for Editor in 9.36 ms, found 7 plugins.
Native extension for UWP target not found
Native extension for WindowsStandalone target not found
Native extension for Android target not found
Native extension for WebGL target not found
Assembly with name 'HeurekaGames.Utils' already exists (Assets/Heureka/Global/Editor/Heureka_GlobalAssemblyDefinition.asmdef)
Assembly with name 'HeurekaGames.Utils' already exists (Packages/com.heurekagames.utils/Editor/Heureka_GlobalAssemblyDefinition.asmdef)
Assembly with name 'HeurekaGames.AssetHunterPRO.Editor' already exists (Assets/Heureka/AssetHunterPRO/Editor/Scripts/AH_AssemblyDefinition.asmdef)
Assembly with name 'HeurekaGames.AssetHunterPRO.Editor' already exists (Packages/com.heurekagames.assethunterpro/Editor/Scripts/AH_AssemblyDefinition.asmdef)
[MODES] ModeService[none].Initialize
[MODES] ModeService[none].LoadModes
[MODES] Loading mode Default (0) for mode-current-id-MasterGame
[Package Manager] Server::EnsureServerProcessIsRunning -- launch failed, reason: Unity was launched with the -noUpm command-line argument
[Package Manager] UpmClient::Send -- Unable to send message (not connected to UPM process).
[Package Manager] Cannot connect to Unity Package Manager local server
Mono: successfully reloaded assembly
- Finished resetting the current domain, in  2.261 seconds
Domain Reload Profiling: 3199ms
	BeginReloadAssembly (235ms)
		ExecutionOrderSort (0ms)
		DisableScriptedObjects (18ms)
		BackupInstance (0ms)
		ReleaseScriptingObjects (0ms)
		CreateAndSetChildDomain (61ms)
	RebuildCommonClasses (48ms)
	RebuildNativeTypeToScriptingClass (15ms)
	initialDomainReloadingComplete (43ms)
	LoadAllAssembliesAndSetupDomain (597ms)
		LoadAssemblies (634ms)
		RebuildTransferFunctionScriptingTraits (0ms)
		AnalyzeDomain (70ms)
			TypeCache.Refresh (18ms)
				TypeCache.ScanAssembly (3ms)
			ScanForSourceGeneratedMonoScriptInfo (30ms)
			ResolveRequiredComponents (20ms)
	FinalizeReload (2262ms)
		ReleaseScriptCaches (0ms)
		RebuildScriptCaches (0ms)
		SetupLoadedEditorAssemblies (1141ms)
			LogAssemblyErrors (0ms)
			InitializePlatformSupportModulesInManaged (35ms)
			SetLoadedEditorAssemblies (7ms)
			RefreshPlugins (0ms)
			BeforeProcessingInitializeOnLoad (246ms)
			ProcessInitializeOnLoadAttributes (752ms)
			ProcessInitializeOnLoadMethodAttributes (90ms)
			AfterProcessingInitializeOnLoad (10ms)
			EditorAssembliesLoaded (1ms)
		ExecutionOrderSort2 (0ms)
		AwakeInstancesAfterBackupRestoration (15ms)
Shader 'Toon/Lighted Outline': fallback shader 'Toon/Lighted' not found
WARNING: Shader Unsupported: 'Toon/Lighted Outline' - All subshaders removed
WARNING: Shader Did you use #pragma only_renderers and omit this platform?
WARNING: Shader If subshaders removal was intentional, you may have forgotten turning Fallback off?
WARNING: Shader Unsupported: 'Toon/Lighted Outline' - All subshaders removed
WARNING: Shader Did you use #pragma only_renderers and omit this platform?
WARNING: Shader If subshaders removal was intentional, you may have forgotten turning Fallback off?
Shader 'WFX/Transparent Specular': fallback shader 'Particles/Alpha Blended' not found
Shader 'WFX/Transparent Diffuse': fallback shader 'Particles/Alpha Blended' not found
Shader 'Toon/Lighted Outline': fallback shader 'Toon/Lighted' not found
WARNING: Shader Unsupported: 'Toon/Lighted Outline' - All subshaders removed
WARNING: Shader Did you use #pragma only_renderers and omit this platform?
WARNING: Shader If subshaders removal was intentional, you may have forgotten turning Fallback off?
WARNING: Shader Unsupported: 'Toon/Lighted Outline' - All subshaders removed
WARNING: Shader Did you use #pragma only_renderers and omit this platform?
WARNING: Shader If subshaders removal was intentional, you may have forgotten turning Fallback off?
Refreshing native plugins compatible for Editor in 12.57 ms, found 7 plugins.
Preloading 0 native plugins for Editor in 0.00 ms.
Unloading 7357 Unused Serialized files (Serialized files now loaded: 0)
Unloading 85 unused Assets / (2.1 MB). Loaded Objects now: 8075.
Memory consumption went from 273.5 MB to 271.4 MB.
Total: 7.167800 ms (FindLiveObjects: 0.831800 ms CreateObjectMapping: 0.903200 ms MarkObjects: 4.633900 ms  DeleteObjects: 0.797900 ms)

Prepare: number of updated asset objects reloaded= 0
AssetImportParameters requested are different than current active one (requested -> active):
  custom:container-demuxer-ogg: 62fdf1f143b41e24485cea50d1cbac27 -> 
  custom:scripting/monoscript/fileName/Heureka_PackageDataManagerEditor.cs: 1777346dfd4a472babfe02657061ddf3 -> 0283f4e02a9fddc874a98bd37619e487
  custom:framework-win-MediaFoundation: 216162199b28c13a410421893ffa2e32 -> 
  custom:scripting/monoscript/fileName/Heureka_ResourceLoader.cs: f968c1c99fece12703bda844d81df314 -> 1c96955c0d2bdcf6c9597c61f0dbbb2b
  custom:container-muxer-webm: aa71ff27fc2769a1b78a27578f13a17b -> 
  custom:video-decoder-webm-vp8: 9c59270c3fd7afecdb556c50c9e8de78 -> 
  custom:SearchIndexIgnoredProperties: e643bd26f0fe6173181afceb89e7c659 -> 
  custom:AudioImporter_EditorPlatform: d09bf68614088b80899f8185d706f6e7 -> 
  custom:scripting/monoscript/fileName/Heureka_PackageDataPromo.cs: 4cc54aaaeb48b855d6de281427db7b0e -> 9b3d309badda0b98c73d79985aed4017
  custom:scripting/monoscript/fileName/Heureka_PackageData.cs: a77d8fa82b756be5854c89b125e4179c -> 1b81e305f1652a38d26557afd2951a42
  custom:audio-decoder-ogg-vorbis: bf7c407c2cedff20999df2af8eb42d56 -> 
  custom:audio-encoder-webm-vorbis: bf7c407c2cedff20999df2af8eb42d56 -> 
  custom:scripting/monoscript/fileName/Heureka_EditorData.cs: 9bcdb3f6232f4ef0847dc88c656ad317 -> 640097c863c02b4874826e48cd16873b
  custom:video-decoder-ogg-theora: a1e56fd34408186e4bbccfd4996cb3dc -> 
  custom:scripting/monoscript/fileName/Heureka_WindowStyler.cs: 68063522d7ff4309dd6997c7f092f308 -> 31bcc41fd6d24e07da288fcac32282a9
  custom:CustomObjectIndexerAttribute: 39606d92bcf39ac9cd6fca1116091104 -> 
  custom:container-demuxer-webm: 4f35f7cbe854078d1ac9338744f61a02 -> 
  custom:scripting/monoscript/fileName/Heureka_PackageDataVersioned.cs: 8bd6864688daa554a7b01da6e8fa7515 -> 5f3b2fbc37a50a86e9e7787676361484
  custom:video-encoder-webm-vp8: eb34c28f22e8b96e1ab97ce403110664 -> 
  custom:scripting/monoscript/fileName/Heureka_Serializer.cs: ad34013e842a89497f5be81aea27204f -> f8a1c36b6e9cfbcaaf6981d63a44d6f5
  custom:scripting/monoscript/fileName/Heureka_AddDefineSymbols.cs: 62455b51b186fb7971d30de238639228 -> 495ec52b205663ec118b592a19e4bc26
  custom:scripting/monoscript/fileName/Heureka_PackageDataManager.cs: 4d35c4ef08ffad6b0e14f70c7aa30310 -> ceb114dec810c7e1286ef6121c8e213a
========================================================================
Received Prepare
Shader 'Toon/Lighted Outline': fallback shader 'Toon/Lighted' not found
WARNING: Shader Unsupported: 'Toon/Lighted Outline' - All subshaders removed
WARNING: Shader Did you use #pragma only_renderers and omit this platform?
WARNING: Shader If subshaders removal was intentional, you may have forgotten turning Fallback off?
WARNING: Shader Unsupported: 'Toon/Lighted Outline' - All subshaders removed
WARNING: Shader Did you use #pragma only_renderers and omit this platform?
WARNING: Shader If subshaders removal was intentional, you may have forgotten turning Fallback off?
Shader 'WFX/Transparent Specular': fallback shader 'Particles/Alpha Blended' not found
Shader 'Toon/Lighted Outline': fallback shader 'Toon/Lighted' not found
WARNING: Shader Unsupported: 'Toon/Lighted Outline' - All subshaders removed
WARNING: Shader Did you use #pragma only_renderers and omit this platform?
WARNING: Shader If subshaders removal was intentional, you may have forgotten turning Fallback off?
WARNING: Shader Unsupported: 'Toon/Lighted Outline' - All subshaders removed
WARNING: Shader Did you use #pragma only_renderers and omit this platform?
WARNING: Shader If subshaders removal was intentional, you may have forgotten turning Fallback off?
Shader 'WFX/Transparent Diffuse': fallback shader 'Particles/Alpha Blended' not found
Refreshing native plugins compatible for Editor in 10.24 ms, found 7 plugins.
Preloading 0 native plugins for Editor in 0.00 ms.
Unloading 20 Unused Serialized files (Serialized files now loaded: 0)
Unloading 21 unused Assets / (2.1 MB). Loaded Objects now: 8075.
Memory consumption went from 162.1 MB to 160.0 MB.
Total: 7.376400 ms (FindLiveObjects: 0.677500 ms CreateObjectMapping: 0.714600 ms MarkObjects: 5.187500 ms  DeleteObjects: 0.795800 ms)

Prepare: number of updated asset objects reloaded= 0
AssetImportParameters requested are different than current active one (requested -> active):
  custom:container-demuxer-ogg: 62fdf1f143b41e24485cea50d1cbac27 -> 
  custom:scripting/monoscript/fileName/Heureka_PackageDataManagerEditor.cs: 1777346dfd4a472babfe02657061ddf3 -> 0283f4e02a9fddc874a98bd37619e487
  custom:framework-win-MediaFoundation: 216162199b28c13a410421893ffa2e32 -> 
  custom:scripting/monoscript/fileName/Heureka_ResourceLoader.cs: f968c1c99fece12703bda844d81df314 -> 1c96955c0d2bdcf6c9597c61f0dbbb2b
  custom:container-muxer-webm: aa71ff27fc2769a1b78a27578f13a17b -> 
  custom:video-decoder-webm-vp8: 9c59270c3fd7afecdb556c50c9e8de78 -> 
  custom:SearchIndexIgnoredProperties: e643bd26f0fe6173181afceb89e7c659 -> 
  custom:AudioImporter_EditorPlatform: d09bf68614088b80899f8185d706f6e7 -> 
  custom:scripting/monoscript/fileName/Heureka_PackageDataPromo.cs: 4cc54aaaeb48b855d6de281427db7b0e -> 9b3d309badda0b98c73d79985aed4017
  custom:scripting/monoscript/fileName/Heureka_PackageData.cs: a77d8fa82b756be5854c89b125e4179c -> 1b81e305f1652a38d26557afd2951a42
  custom:audio-decoder-ogg-vorbis: bf7c407c2cedff20999df2af8eb42d56 -> 
  custom:audio-encoder-webm-vorbis: bf7c407c2cedff20999df2af8eb42d56 -> 
  custom:scripting/monoscript/fileName/Heureka_EditorData.cs: 9bcdb3f6232f4ef0847dc88c656ad317 -> 640097c863c02b4874826e48cd16873b
  custom:video-decoder-ogg-theora: a1e56fd34408186e4bbccfd4996cb3dc -> 
  custom:scripting/monoscript/fileName/Heureka_WindowStyler.cs: 68063522d7ff4309dd6997c7f092f308 -> 31bcc41fd6d24e07da288fcac32282a9
  custom:CustomObjectIndexerAttribute: 39606d92bcf39ac9cd6fca1116091104 -> 
  custom:container-demuxer-webm: 4f35f7cbe854078d1ac9338744f61a02 -> 
  custom:scripting/monoscript/fileName/Heureka_PackageDataVersioned.cs: 8bd6864688daa554a7b01da6e8fa7515 -> 5f3b2fbc37a50a86e9e7787676361484
  custom:video-encoder-webm-vp8: eb34c28f22e8b96e1ab97ce403110664 -> 
  custom:scripting/monoscript/fileName/Heureka_Serializer.cs: ad34013e842a89497f5be81aea27204f -> f8a1c36b6e9cfbcaaf6981d63a44d6f5
  custom:scripting/monoscript/fileName/Heureka_AddDefineSymbols.cs: 62455b51b186fb7971d30de238639228 -> 495ec52b205663ec118b592a19e4bc26
  custom:scripting/monoscript/fileName/Heureka_PackageDataManager.cs: 4d35c4ef08ffad6b0e14f70c7aa30310 -> ceb114dec810c7e1286ef6121c8e213a
========================================================================
Received Prepare
Switching render pipeline cfcffedabc077cd4aa658e69f672fde0 -> 00000000000000000000000000000000
Shader 'WFX/Transparent Specular': fallback shader 'Particles/Alpha Blended' not found
Shader 'WFX/Transparent Diffuse': fallback shader 'Particles/Alpha Blended' not found
Refreshing native plugins compatible for Editor in 12.46 ms, found 7 plugins.
Preloading 0 native plugins for Editor in 0.00 ms.
Unloading 19 Unused Serialized files (Serialized files now loaded: 0)
Unloading 21 unused Assets / (2.0 MB). Loaded Objects now: 8074.
Memory consumption went from 156.3 MB to 154.3 MB.
Total: 7.998500 ms (FindLiveObjects: 0.673000 ms CreateObjectMapping: 0.757500 ms MarkObjects: 5.798800 ms  DeleteObjects: 0.767600 ms)

Prepare: number of updated asset objects reloaded= 50
AssetImportParameters requested are different than current active one (requested -> active):
  custom:container-demuxer-ogg: 62fdf1f143b41e24485cea50d1cbac27 -> 
  custom:scripting/monoscript/fileName/Heureka_PackageDataManagerEditor.cs: 1777346dfd4a472babfe02657061ddf3 -> 0283f4e02a9fddc874a98bd37619e487
  custom:framework-win-MediaFoundation: 216162199b28c13a410421893ffa2e32 -> 
  custom:scripting/monoscript/fileName/Heureka_ResourceLoader.cs: f968c1c99fece12703bda844d81df314 -> 1c96955c0d2bdcf6c9597c61f0dbbb2b
  custom:container-muxer-webm: aa71ff27fc2769a1b78a27578f13a17b -> 
  custom:video-decoder-webm-vp8: 9c59270c3fd7afecdb556c50c9e8de78 -> 
  custom:SearchIndexIgnoredProperties: e643bd26f0fe6173181afceb89e7c659 -> 
  custom:AudioImporter_EditorPlatform: d09bf68614088b80899f8185d706f6e7 -> 
  custom:scripting/monoscript/fileName/Heureka_PackageDataPromo.cs: 4cc54aaaeb48b855d6de281427db7b0e -> 9b3d309badda0b98c73d79985aed4017
  custom:scripting/monoscript/fileName/Heureka_PackageData.cs: a77d8fa82b756be5854c89b125e4179c -> 1b81e305f1652a38d26557afd2951a42
  custom:audio-decoder-ogg-vorbis: bf7c407c2cedff20999df2af8eb42d56 -> 
  custom:audio-encoder-webm-vorbis: bf7c407c2cedff20999df2af8eb42d56 -> 
  custom:scripting/monoscript/fileName/Heureka_EditorData.cs: 9bcdb3f6232f4ef0847dc88c656ad317 -> 640097c863c02b4874826e48cd16873b
  custom:video-decoder-ogg-theora: a1e56fd34408186e4bbccfd4996cb3dc -> 
  custom:scripting/monoscript/fileName/Heureka_WindowStyler.cs: 68063522d7ff4309dd6997c7f092f308 -> 31bcc41fd6d24e07da288fcac32282a9
  custom:CustomObjectIndexerAttribute: 39606d92bcf39ac9cd6fca1116091104 -> 
  custom:container-demuxer-webm: 4f35f7cbe854078d1ac9338744f61a02 -> 
  custom:scripting/monoscript/fileName/Heureka_PackageDataVersioned.cs: 8bd6864688daa554a7b01da6e8fa7515 -> 5f3b2fbc37a50a86e9e7787676361484
  custom:video-encoder-webm-vp8: eb34c28f22e8b96e1ab97ce403110664 -> 
  custom:scripting/monoscript/fileName/Heureka_Serializer.cs: ad34013e842a89497f5be81aea27204f -> f8a1c36b6e9cfbcaaf6981d63a44d6f5
  custom:scripting/monoscript/fileName/Heureka_AddDefineSymbols.cs: 62455b51b186fb7971d30de238639228 -> 495ec52b205663ec118b592a19e4bc26
  custom:scripting/monoscript/fileName/Heureka_PackageDataManager.cs: 4d35c4ef08ffad6b0e14f70c7aa30310 -> ceb114dec810c7e1286ef6121c8e213a
========================================================================
Received Import Request.
  Time since last request: 554.596395 seconds.
  path: Assets/doc.png
  artifactKey: Guid(5c4e8126f9ca39a4e805bef3cd6eb09c) Importer(815301076,1909f56bfc062723c751e8b465ee728b)
Start importing Assets/doc.png using Guid(5c4e8126f9ca39a4e805bef3cd6eb09c) Importer(815301076,1909f56bfc062723c751e8b465ee728b)  -> (artifact id: '26fa7af24f0feebccf91f839e7f7cacf') in 0.134136 seconds
Number of updated asset objects reloaded before import = 0
Number of asset objects unloaded after import = 3
========================================================================
Received Import Request.
  Time since last request: 0.037665 seconds.
  path: Assets/Dvd.mat
  artifactKey: Guid(d0268262ef60a6c4885bd7db1daab367) Importer(815301076,1909f56bfc062723c751e8b465ee728b)
Start importing Assets/Dvd.mat using Guid(d0268262ef60a6c4885bd7db1daab367) Importer(815301076,1909f56bfc062723c751e8b465ee728b)  -> (artifact id: '216111fd5defaf29141622c5b6a7364b') in 0.069885 seconds
Number of updated asset objects reloaded before import = 0
Number of asset objects unloaded after import = 1
========================================================================
Received Import Request.
  Time since last request: 0.306241 seconds.
  path: Assets/markerMap.png
  artifactKey: Guid(a2a1d68517413ac4fb58a40ccca0c321) Importer(815301076,1909f56bfc062723c751e8b465ee728b)
Start importing Assets/markerMap.png using Guid(a2a1d68517413ac4fb58a40ccca0c321) Importer(815301076,1909f56bfc062723c751e8b465ee728b)  -> (artifact id: '900e84c7d92cb113c19f68bb451bde0d') in 0.025311 seconds
Number of updated asset objects reloaded before import = 0
Number of asset objects unloaded after import = 3
========================================================================
Received Import Request.
  Time since last request: 0.148077 seconds.
  path: Assets/safe_close.fbx
  artifactKey: Guid(b665d42db17a8c348abf654af36636da) Importer(815301076,1909f56bfc062723c751e8b465ee728b)
Start importing Assets/safe_close.fbx using Guid(b665d42db17a8c348abf654af36636da) Importer(815301076,1909f56bfc062723c751e8b465ee728b)  -> (artifact id: '5d351167d86db1ae2f54a34dc690b638') in 0.071964 seconds
Number of updated asset objects reloaded before import = 0
Number of asset objects unloaded after import = 15
========================================================================
Received Import Request.
  Time since last request: 0.096270 seconds.
  path: Assets/uploads_files_3899627_VHSTape.fbx
  artifactKey: Guid(623bfc80b31a2a14fb7fc25ff6852e0e) Importer(815301076,1909f56bfc062723c751e8b465ee728b)
Start importing Assets/uploads_files_3899627_VHSTape.fbx using Guid(623bfc80b31a2a14fb7fc25ff6852e0e) Importer(815301076,1909f56bfc062723c751e8b465ee728b)  -> (artifact id: '1d7f186faa9b14579819c7424877f914') in 0.029340 seconds
Number of updated asset objects reloaded before import = 0
Number of asset objects unloaded after import = 9
========================================================================
Received Import Request.
  Time since last request: 9.827787 seconds.
  path: Assets/QA_Office/Models/A4_2.fbx
  artifactKey: Guid(fb7e43b6dbea77a4db300cd27d90291e) Importer(815301076,1909f56bfc062723c751e8b465ee728b)
Start importing Assets/QA_Office/Models/A4_2.fbx using Guid(fb7e43b6dbea77a4db300cd27d90291e) Importer(815301076,1909f56bfc062723c751e8b465ee728b)  -> (artifact id: '5f1c9e0eedec253cc831e50a4d12534d') in 0.072183 seconds
Number of updated asset objects reloaded before import = 0
Number of asset objects unloaded after import = 11
========================================================================
Received Import Request.
  Time since last request: 0.114102 seconds.
  path: Assets/QA_Office/Models/Armchair.FBX
  artifactKey: Guid(38048c710a1786747a5c67247d9654c4) Importer(815301076,1909f56bfc062723c751e8b465ee728b)
Start importing Assets/QA_Office/Models/Armchair.FBX using Guid(38048c710a1786747a5c67247d9654c4) Importer(815301076,1909f56bfc062723c751e8b465ee728b)  -> (artifact id: 'cc21881ed55da016401d0081bfe57632') in 0.045266 seconds
Number of updated asset objects reloaded before import = 0
Number of asset objects unloaded after import = 11
========================================================================
Received Import Request.
  Time since last request: 0.127526 seconds.
  path: Assets/QA_Office/Models/BlindsBigVertical.FBX
  artifactKey: Guid(ef8b58c745b718b4e8c7120612739020) Importer(815301076,1909f56bfc062723c751e8b465ee728b)
Start importing Assets/QA_Office/Models/BlindsBigVertical.FBX using Guid(ef8b58c745b718b4e8c7120612739020) Importer(815301076,1909f56bfc062723c751e8b465ee728b)  -> (artifact id: 'c330a8b73351bd18ab1bae9b0aeb07b6') in 0.048242 seconds
Number of updated asset objects reloaded before import = 0
Number of asset objects unloaded after import = 14
========================================================================
Received Import Request.
  Time since last request: 0.177706 seconds.
  path: Assets/QA_Office/Models/BlindsHorizontalClosed_1m.fbx
  artifactKey: Guid(2eda1cdb26da52341bbb0a8d6f14e64e) Importer(815301076,1909f56bfc062723c751e8b465ee728b)
Start importing Assets/QA_Office/Models/BlindsHorizontalClosed_1m.fbx using Guid(2eda1cdb26da52341bbb0a8d6f14e64e) Importer(815301076,1909f56bfc062723c751e8b465ee728b)  -> (artifact id: '523624eda708fbcf9daad259d0b84d11') in 0.070486 seconds
Number of updated asset objects reloaded before import = 0
Number of asset objects unloaded after import = 11
========================================================================
Received Import Request.
  Time since last request: 0.000227 seconds.
  path: Assets/QA_Office/Models/BookcaseA.fbx
  artifactKey: Guid(aeb8c6aa84b10fc4f9d47db28acb5219) Importer(815301076,1909f56bfc062723c751e8b465ee728b)
Start importing Assets/QA_Office/Models/BookcaseA.fbx using Guid(aeb8c6aa84b10fc4f9d47db28acb5219) Importer(815301076,1909f56bfc062723c751e8b465ee728b)  -> (artifact id: 'a31aafa198708bd6619e1118b4d53b2d') in 0.080513 seconds
Number of updated asset objects reloaded before import = 0
Number of asset objects unloaded after import = 15
========================================================================
Received Import Request.
  Time since last request: 0.174326 seconds.
  path: Assets/QA_Office/Models/Box_A.fbx
  artifactKey: Guid(746a432ce6a4c4c41811319badcb6b02) Importer(815301076,1909f56bfc062723c751e8b465ee728b)
Start importing Assets/QA_Office/Models/Box_A.fbx using Guid(746a432ce6a4c4c41811319badcb6b02) Importer(815301076,1909f56bfc062723c751e8b465ee728b)  -> (artifact id: 'd516bb501d1673c0946be05a7c430566') in 0.142741 seconds
Number of updated asset objects reloaded before import = 0
Number of asset objects unloaded after import = 11
========================================================================
Received Import Request.
  Time since last request: 0.231540 seconds.
  path: Assets/QA_Office/Models/BoxBigOpen.FBX
  artifactKey: Guid(1d332e48a69b7ed459c8bf38615c1bf6) Importer(815301076,1909f56bfc062723c751e8b465ee728b)
Start importing Assets/QA_Office/Models/BoxBigOpen.FBX using Guid(1d332e48a69b7ed459c8bf38615c1bf6) Importer(815301076,1909f56bfc062723c751e8b465ee728b)  -> (artifact id: 'e1cb797c2b8dd3b174319dbb8ee393b8') in 0.077568 seconds
Number of updated asset objects reloaded before import = 0
Number of asset objects unloaded after import = 11
========================================================================
Received Import Request.
  Time since last request: 0.000027 seconds.
  path: Assets/QA_Office/Models/BoxPortable_A.fbx
  artifactKey: Guid(f438f9edfb1682a4fb218388d1095451) Importer(815301076,1909f56bfc062723c751e8b465ee728b)
Start importing Assets/QA_Office/Models/BoxPortable_A.fbx using Guid(f438f9edfb1682a4fb218388d1095451) Importer(815301076,1909f56bfc062723c751e8b465ee728b)  -> (artifact id: '4a803639c74d4ad269f7583b98fe32a4') in 0.072625 seconds
Number of updated asset objects reloaded before import = 0
Number of asset objects unloaded after import = 11
========================================================================
Received Import Request.
  Time since last request: 0.175166 seconds.
  path: Assets/QA_Office/Models/BoxPortable_C.fbx
  artifactKey: Guid(c1fefd36e57bed342ae02c2b8ca135fb) Importer(815301076,1909f56bfc062723c751e8b465ee728b)
Start importing Assets/QA_Office/Models/BoxPortable_C.fbx using Guid(c1fefd36e57bed342ae02c2b8ca135fb) Importer(815301076,1909f56bfc062723c751e8b465ee728b)  -> (artifact id: '9db0c8556082cf6ea05ff72555c4a999') in 0.077570 seconds
Number of updated asset objects reloaded before import = 0
Number of asset objects unloaded after import = 11
========================================================================
Received Import Request.
  Time since last request: 0.287466 seconds.
  path: Assets/QA_Office/Models/BoxPortableCap_C.fbx
  artifactKey: Guid(2f89c47975d272344917d52276bcd707) Importer(815301076,1909f56bfc062723c751e8b465ee728b)
Start importing Assets/QA_Office/Models/BoxPortableCap_C.fbx using Guid(2f89c47975d272344917d52276bcd707) Importer(815301076,1909f56bfc062723c751e8b465ee728b)  -> (artifact id: '991c90c2c507c08079d21a0d7b02cb05') in 0.077727 seconds
Number of updated asset objects reloaded before import = 0
Number of asset objects unloaded after import = 11
========================================================================
Received Import Request.
  Time since last request: 0.000208 seconds.
  path: Assets/QA_Office/Models/Briefcase.FBX
  artifactKey: Guid(d64522766a9a5cc4c83c9a3067ec1c96) Importer(815301076,1909f56bfc062723c751e8b465ee728b)
Start importing Assets/QA_Office/Models/Briefcase.FBX using Guid(d64522766a9a5cc4c83c9a3067ec1c96) Importer(815301076,1909f56bfc062723c751e8b465ee728b)  -> (artifact id: '542028db7b03a6371c3f51ae0218164b') in 0.082144 seconds
Number of updated asset objects reloaded before import = 0
Number of asset objects unloaded after import = 13
========================================================================
Received Import Request.
  Time since last request: 0.181732 seconds.
  path: Assets/QA_Office/Models/Building_02.fbx
  artifactKey: Guid(b1385b3cc3ed7a0438cabb04d9e6e462) Importer(815301076,1909f56bfc062723c751e8b465ee728b)
Start importing Assets/QA_Office/Models/Building_02.fbx using Guid(b1385b3cc3ed7a0438cabb04d9e6e462) Importer(815301076,1909f56bfc062723c751e8b465ee728b)  -> (artifact id: 'a97df3552799f3665114521bc26a02b7') in 0.061671 seconds
Number of updated asset objects reloaded before import = 0
Number of asset objects unloaded after import = 13
========================================================================
Received Import Request.
  Time since last request: 0.000024 seconds.
  path: Assets/QA_Office/Models/Building_03.fbx
  artifactKey: Guid(4c5485c7fb6fae9498415d711a371097) Importer(815301076,1909f56bfc062723c751e8b465ee728b)
Start importing Assets/QA_Office/Models/Building_03.fbx using Guid(4c5485c7fb6fae9498415d711a371097) Importer(815301076,1909f56bfc062723c751e8b465ee728b)  -> (artifact id: 'cb0a55dc619ce0f38809c1a17383c262') in 0.054708 seconds
Number of updated asset objects reloaded before import = 0
Number of asset objects unloaded after import = 11
========================================================================
Received Import Request.
  Time since last request: 0.198825 seconds.
  path: Assets/QA_Office/Models/CarpetPath_03.fbx
  artifactKey: Guid(6e2765fbf62776d498589dc0f521a8c5) Importer(815301076,1909f56bfc062723c751e8b465ee728b)
Start importing Assets/QA_Office/Models/CarpetPath_03.fbx using Guid(6e2765fbf62776d498589dc0f521a8c5) Importer(815301076,1909f56bfc062723c751e8b465ee728b)  -> (artifact id: 'f6b1768a3097986d48908ab7a02b76d8') in 0.113112 seconds
Number of updated asset objects reloaded before import = 0
Number of asset objects unloaded after import = 11
========================================================================
Received Import Request.
  Time since last request: 0.274957 seconds.
  path: Assets/QA_Office/Models/CeilingLight.FBX
  artifactKey: Guid(225fd122f3b3d384b9bc0b6f8102be3f) Importer(815301076,1909f56bfc062723c751e8b465ee728b)
Start importing Assets/QA_Office/Models/CeilingLight.FBX using Guid(225fd122f3b3d384b9bc0b6f8102be3f) Importer(815301076,1909f56bfc062723c751e8b465ee728b)  -> (artifact id: '3356661e2969d7c2fc3452694d0f022a') in 0.093992 seconds
Number of updated asset objects reloaded before import = 0
Number of asset objects unloaded after import = 12
========================================================================
Received Import Request.
  Time since last request: 0.262911 seconds.
  path: Assets/QA_Office/Models/ChairOffice02.fbx
  artifactKey: Guid(7020286cc6aaf1043b24894e01ab2b73) Importer(815301076,1909f56bfc062723c751e8b465ee728b)
Start importing Assets/QA_Office/Models/ChairOffice02.fbx using Guid(7020286cc6aaf1043b24894e01ab2b73) Importer(815301076,1909f56bfc062723c751e8b465ee728b)  -> (artifact id: '74dedbe72567af920217c64695e99ff6') in 0.121578 seconds
Number of updated asset objects reloaded before import = 0
Number of asset objects unloaded after import = 16
========================================================================
Received Import Request.
  Time since last request: 0.000033 seconds.
  path: Assets/QA_Office/Models/Clock_02.fbx
  artifactKey: Guid(9e51791ec4c30404d8cbd2255258c32b) Importer(815301076,1909f56bfc062723c751e8b465ee728b)
Start importing Assets/QA_Office/Models/Clock_02.fbx using Guid(9e51791ec4c30404d8cbd2255258c32b) Importer(815301076,1909f56bfc062723c751e8b465ee728b)  -> (artifact id: '23ccb577649cd0721d0c582b9d96324d') in 0.182166 seconds
Number of updated asset objects reloaded before import = 0
Number of asset objects unloaded after import = 41
========================================================================
Received Import Request.
  Time since last request: 0.032386 seconds.
  path: Assets/QA_Office/Models/Coffee_to_go.FBX
  artifactKey: Guid(7eabd0591c21116478b9f8316cad46a4) Importer(815301076,1909f56bfc062723c751e8b465ee728b)
Start importing Assets/QA_Office/Models/Coffee_to_go.FBX using Guid(7eabd0591c21116478b9f8316cad46a4) Importer(815301076,1909f56bfc062723c751e8b465ee728b)  -> (artifact id: 'eed7121da792e36d6f362e011b81c6f7') in 0.083536 seconds
Number of updated asset objects reloaded before import = 0
Number of asset objects unloaded after import = 11
========================================================================
Received Import Request.
  Time since last request: 0.000106 seconds.
  path: Assets/QA_Office/Models/Cup_full.fbx
  artifactKey: Guid(6b3b2b3b998186e439bab74a64fba195) Importer(815301076,1909f56bfc062723c751e8b465ee728b)
Start importing Assets/QA_Office/Models/Cup_full.fbx using Guid(6b3b2b3b998186e439bab74a64fba195) Importer(815301076,1909f56bfc062723c751e8b465ee728b)  -> (artifact id: 'f97127eecb71680213075e4dd148b05d') in 0.066838 seconds
Number of updated asset objects reloaded before import = 0
Number of asset objects unloaded after import = 11
========================================================================
Received Import Request.
  Time since last request: 0.196175 seconds.
  path: Assets/QA_Office/Models/Cupboard.FBX
  artifactKey: Guid(2fdef25bde619fb49bbdf0ac4316f327) Importer(815301076,1909f56bfc062723c751e8b465ee728b)
Start importing Assets/QA_Office/Models/Cupboard.FBX using Guid(2fdef25bde619fb49bbdf0ac4316f327) Importer(815301076,1909f56bfc062723c751e8b465ee728b)  -> (artifact id: '789a1bb52bb0be390b6c301d2bfc2a39') in 0.114481 seconds
Number of updated asset objects reloaded before import = 0
Number of asset objects unloaded after import = 12
========================================================================
Received Import Request.
  Time since last request: 0.247300 seconds.
  path: Assets/QA_Office/Models/Dispenser.FBX
  artifactKey: Guid(df6af5097ad41bf47a8e12a0da06b499) Importer(815301076,1909f56bfc062723c751e8b465ee728b)
Start importing Assets/QA_Office/Models/Dispenser.FBX using Guid(df6af5097ad41bf47a8e12a0da06b499) Importer(815301076,1909f56bfc062723c751e8b465ee728b)  -> (artifact id: 'ca6fd71ca5b1b69a0646e9c3325ea6bd') in 0.089972 seconds
Number of updated asset objects reloaded before import = 0
Number of asset objects unloaded after import = 11
========================================================================
Received Import Request.
  Time since last request: 0.211362 seconds.
  path: Assets/QA_Office/Models/Door_2.5m.FBX
  artifactKey: Guid(95da3bbc280d30443898047d0958bd1f) Importer(815301076,1909f56bfc062723c751e8b465ee728b)
Start importing Assets/QA_Office/Models/Door_2.5m.FBX using Guid(95da3bbc280d30443898047d0958bd1f) Importer(815301076,1909f56bfc062723c751e8b465ee728b)  -> (artifact id: 'feb63dffb6eb936ab23f159cba7e1664') in 0.077328 seconds
Number of updated asset objects reloaded before import = 0
Number of asset objects unloaded after import = 21
========================================================================
Received Import Request.
  Time since last request: 0.000022 seconds.
  path: Assets/QA_Office/Models/DoorB.FBX
  artifactKey: Guid(636cd1b8c5f081547aea1200c45fb61c) Importer(815301076,1909f56bfc062723c751e8b465ee728b)
Start importing Assets/QA_Office/Models/DoorB.FBX using Guid(636cd1b8c5f081547aea1200c45fb61c) Importer(815301076,1909f56bfc062723c751e8b465ee728b)  -> (artifact id: 'c299d7b717d13149525e01410b02bf60') in 0.063591 seconds
Number of updated asset objects reloaded before import = 0
Number of asset objects unloaded after import = 21
========================================================================
Received Prepare
Assembly with name 'HeurekaGames.Utils' already exists (Assets/Heureka/Global/Editor/Heureka_GlobalAssemblyDefinition.asmdef)
Assembly with name 'HeurekaGames.Utils' already exists (Packages/com.heurekagames.utils/Editor/Heureka_GlobalAssemblyDefinition.asmdef)
Assembly with name 'HeurekaGames.AssetHunterPRO.Editor' already exists (Assets/Heureka/AssetHunterPRO/Editor/Scripts/AH_AssemblyDefinition.asmdef)
Assembly with name 'HeurekaGames.AssetHunterPRO.Editor' already exists (Packages/com.heurekagames.assethunterpro/Editor/Scripts/AH_AssemblyDefinition.asmdef)
Assembly with name 'HeurekaGames.Utils' already exists (Assets/Heureka/Global/Editor/Heureka_GlobalAssemblyDefinition.asmdef)
Assembly with name 'HeurekaGames.Utils' already exists (Packages/com.heurekagames.utils/Editor/Heureka_GlobalAssemblyDefinition.asmdef)
Assembly with name 'HeurekaGames.AssetHunterPRO.Editor' already exists (Assets/Heureka/AssetHunterPRO/Editor/Scripts/AH_AssemblyDefinition.asmdef)
Assembly with name 'HeurekaGames.AssetHunterPRO.Editor' already exists (Packages/com.heurekagames.assethunterpro/Editor/Scripts/AH_AssemblyDefinition.asmdef)
Begin MonoManager ReloadAssembly
Symbol file LoadedFromMemory is not a mono symbol file
- Loaded All Assemblies, in  4.450 seconds
Refreshing native plugins compatible for Editor in 18.03 ms, found 7 plugins.
Native extension for UWP target not found
Native extension for WindowsStandalone target not found
Native extension for Android target not found
Native extension for WebGL target not found
Assembly with name 'HeurekaGames.Utils' already exists (Assets/Heureka/Global/Editor/Heureka_GlobalAssemblyDefinition.asmdef)
Assembly with name 'HeurekaGames.Utils' already exists (Packages/com.heurekagames.utils/Editor/Heureka_GlobalAssemblyDefinition.asmdef)
Assembly with name 'HeurekaGames.AssetHunterPRO.Editor' already exists (Assets/Heureka/AssetHunterPRO/Editor/Scripts/AH_AssemblyDefinition.asmdef)
Assembly with name 'HeurekaGames.AssetHunterPRO.Editor' already exists (Packages/com.heurekagames.assethunterpro/Editor/Scripts/AH_AssemblyDefinition.asmdef)
[MODES] ModeService[none].Initialize
[MODES] ModeService[none].LoadModes
[MODES] Loading mode Default (0) for mode-current-id-MasterGame
[Package Manager] Server::EnsureServerProcessIsRunning -- launch failed, reason: Unity was launched with the -noUpm command-line argument
[Package Manager] UpmClient::Send -- Unable to send message (not connected to UPM process).
[Package Manager] Cannot connect to Unity Package Manager local server
Mono: successfully reloaded assembly
- Finished resetting the current domain, in 48.930 seconds
Domain Reload Profiling: 53371ms
	BeginReloadAssembly (515ms)
		ExecutionOrderSort (0ms)
		DisableScriptedObjects (37ms)
		BackupInstance (0ms)
		ReleaseScriptingObjects (0ms)
		CreateAndSetChildDomain (141ms)
	RebuildCommonClasses (99ms)
	RebuildNativeTypeToScriptingClass (35ms)
	initialDomainReloadingComplete (76ms)
	LoadAllAssembliesAndSetupDomain (3715ms)
		LoadAssemblies (3901ms)
		RebuildTransferFunctionScriptingTraits (0ms)
		AnalyzeDomain (73ms)
			TypeCache.Refresh (19ms)
				TypeCache.ScanAssembly (4ms)
			ScanForSourceGeneratedMonoScriptInfo (28ms)
			ResolveRequiredComponents (23ms)
	FinalizeReload (48931ms)
		ReleaseScriptCaches (0ms)
		RebuildScriptCaches (0ms)
		SetupLoadedEditorAssemblies (1614ms)
			LogAssemblyErrors (0ms)
			InitializePlatformSupportModulesInManaged (49ms)
			SetLoadedEditorAssemblies (12ms)
			RefreshPlugins (0ms)
			BeforeProcessingInitializeOnLoad (386ms)
			ProcessInitializeOnLoadAttributes (1013ms)
			ProcessInitializeOnLoadMethodAttributes (142ms)
			AfterProcessingInitializeOnLoad (12ms)
			EditorAssembliesLoaded (1ms)
		ExecutionOrderSort2 (0ms)
		AwakeInstancesAfterBackupRestoration (27ms)
Refreshing native plugins compatible for Editor in 11.62 ms, found 7 plugins.
Preloading 0 native plugins for Editor in 0.00 ms.
Unloading 7352 Unused Serialized files (Serialized files now loaded: 0)
Unloading 88 unused Assets / (2.1 MB). Loaded Objects now: 8084.
Memory consumption went from 258.2 MB to 256.1 MB.
Total: 9.443600 ms (FindLiveObjects: 0.790100 ms CreateObjectMapping: 1.039000 ms MarkObjects: 6.711100 ms  DeleteObjects: 0.902100 ms)

Prepare: number of updated asset objects reloaded= 0
AssetImportParameters requested are different than current active one (requested -> active):
  custom:container-demuxer-ogg: 62fdf1f143b41e24485cea50d1cbac27 -> 
  custom:scripting/monoscript/fileName/Heureka_PackageDataManagerEditor.cs: 1777346dfd4a472babfe02657061ddf3 -> 0283f4e02a9fddc874a98bd37619e487
  custom:framework-win-MediaFoundation: 216162199b28c13a410421893ffa2e32 -> 
  custom:scripting/monoscript/fileName/Heureka_ResourceLoader.cs: f968c1c99fece12703bda844d81df314 -> 1c96955c0d2bdcf6c9597c61f0dbbb2b
  custom:container-muxer-webm: aa71ff27fc2769a1b78a27578f13a17b -> 
  custom:video-decoder-webm-vp8: 9c59270c3fd7afecdb556c50c9e8de78 -> 
  custom:SearchIndexIgnoredProperties: e643bd26f0fe6173181afceb89e7c659 -> 
  custom:AudioImporter_EditorPlatform: d09bf68614088b80899f8185d706f6e7 -> 
  custom:scripting/monoscript/fileName/Heureka_PackageDataPromo.cs: 4cc54aaaeb48b855d6de281427db7b0e -> 9b3d309badda0b98c73d79985aed4017
  custom:scripting/monoscript/fileName/Heureka_PackageData.cs: a77d8fa82b756be5854c89b125e4179c -> 1b81e305f1652a38d26557afd2951a42
  custom:audio-decoder-ogg-vorbis: bf7c407c2cedff20999df2af8eb42d56 -> 
  custom:audio-encoder-webm-vorbis: bf7c407c2cedff20999df2af8eb42d56 -> 
  custom:scripting/monoscript/fileName/Heureka_EditorData.cs: 9bcdb3f6232f4ef0847dc88c656ad317 -> 640097c863c02b4874826e48cd16873b
  custom:video-decoder-ogg-theora: a1e56fd34408186e4bbccfd4996cb3dc -> 
  custom:scripting/monoscript/fileName/Heureka_WindowStyler.cs: 68063522d7ff4309dd6997c7f092f308 -> 31bcc41fd6d24e07da288fcac32282a9
  custom:CustomObjectIndexerAttribute: 39606d92bcf39ac9cd6fca1116091104 -> 
  custom:container-demuxer-webm: 4f35f7cbe854078d1ac9338744f61a02 -> 
  custom:scripting/monoscript/fileName/Heureka_PackageDataVersioned.cs: 8bd6864688daa554a7b01da6e8fa7515 -> 5f3b2fbc37a50a86e9e7787676361484
  custom:video-encoder-webm-vp8: eb34c28f22e8b96e1ab97ce403110664 -> 
  custom:scripting/monoscript/fileName/Heureka_Serializer.cs: ad34013e842a89497f5be81aea27204f -> f8a1c36b6e9cfbcaaf6981d63a44d6f5
  custom:scripting/monoscript/fileName/Heureka_AddDefineSymbols.cs: 62455b51b186fb7971d30de238639228 -> 495ec52b205663ec118b592a19e4bc26
  custom:scripting/monoscript/fileName/Heureka_PackageDataManager.cs: 4d35c4ef08ffad6b0e14f70c7aa30310 -> ceb114dec810c7e1286ef6121c8e213a
========================================================================
Received Import Request.
  Time since last request: 187.893145 seconds.
  path: Assets/KevinCastejon/ConeMesh/Core
  artifactKey: Guid(dff9c48c9624eea49ab5149d0e00e939) Importer(815301076,1909f56bfc062723c751e8b465ee728b)
Start importing Assets/KevinCastejon/ConeMesh/Core using Guid(dff9c48c9624eea49ab5149d0e00e939) Importer(815301076,1909f56bfc062723c751e8b465ee728b)  -> (artifact id: 'c181e62e2997e156d1a6ad6586898cd8') in 0.003415 seconds
Number of updated asset objects reloaded before import = 0
Number of asset objects unloaded after import = 0
========================================================================
Received Import Request.
  Time since last request: 0.000032 seconds.
  path: Assets/AllSkyFree/Epic_GloriousPink/Epic_GloriousPink_Cam_1_Back-Z.png
  artifactKey: Guid(8e7251cff63ea413db367d2893f57bf6) Importer(815301076,1909f56bfc062723c751e8b465ee728b)
Start importing Assets/AllSkyFree/Epic_GloriousPink/Epic_GloriousPink_Cam_1_Back-Z.png using Guid(8e7251cff63ea413db367d2893f57bf6) Importer(815301076,1909f56bfc062723c751e8b465ee728b)  -> (artifact id: 'f3f349a34163c1ab10bde67b5b05fcb6') in 0.097405 seconds
Number of updated asset objects reloaded before import = 0
Number of asset objects unloaded after import = 2
========================================================================
Received Import Request.
  Time since last request: 0.000027 seconds.
  path: Assets/AllSkyFree/Epic_GloriousPink
  artifactKey: Guid(edc1859f6d31046c9936ffb1609fabeb) Importer(815301076,1909f56bfc062723c751e8b465ee728b)
Start importing Assets/AllSkyFree/Epic_GloriousPink using Guid(edc1859f6d31046c9936ffb1609fabeb) Importer(815301076,1909f56bfc062723c751e8b465ee728b)  -> (artifact id: '8146f1870e577454cdde72aeccf3351c') in 0.000918 seconds
Number of updated asset objects reloaded before import = 0
Number of asset objects unloaded after import = 0
========================================================================
Received Import Request.
  Time since last request: 0.000025 seconds.
  path: Assets/Red_Deer
  artifactKey: Guid(00eeb3276f6627748be480afbc1da164) Importer(815301076,1909f56bfc062723c751e8b465ee728b)
Start importing Assets/Red_Deer using Guid(00eeb3276f6627748be480afbc1da164) Importer(815301076,1909f56bfc062723c751e8b465ee728b)  -> (artifact id: 'bef5fc24b9debc97b54875d83bd063f2') in 0.000712 seconds
Number of updated asset objects reloaded before import = 0
Number of asset objects unloaded after import = 0
========================================================================
Received Import Request.
  Time since last request: 0.000027 seconds.
  path: Assets/AllSkyFree/Epic_GloriousPink/Epic_GloriousPink.mat
  artifactKey: Guid(8b7dd0809c7c6498789fa32a61eaa6cb) Importer(815301076,1909f56bfc062723c751e8b465ee728b)
Start importing Assets/AllSkyFree/Epic_GloriousPink/Epic_GloriousPink.mat using Guid(8b7dd0809c7c6498789fa32a61eaa6cb) Importer(815301076,1909f56bfc062723c751e8b465ee728b)  -> (artifact id: '34a4e099e1b8b90c35067aea5e95fa9b') in 0.086360 seconds
Number of updated asset objects reloaded before import = 0
Number of asset objects unloaded after import = 7
========================================================================
Received Import Request.
  Time since last request: 0.000024 seconds.
  path: Assets/KevinCastejon/ConeMesh/Core/Editor/ConeMeshEditorAssembly.asmdef
  artifactKey: Guid(95ce7587b9336c447a75a7349dd347eb) Importer(815301076,1909f56bfc062723c751e8b465ee728b)
Start importing Assets/KevinCastejon/ConeMesh/Core/Editor/ConeMeshEditorAssembly.asmdef using Guid(95ce7587b9336c447a75a7349dd347eb) Importer(815301076,1909f56bfc062723c751e8b465ee728b)  -> (artifact id: '605f77e3a1e15dc5cc70110a850ca086') in 0.000746 seconds
Number of updated asset objects reloaded before import = 0
Number of asset objects unloaded after import = 0
========================================================================
Received Import Request.
  Time since last request: 0.000028 seconds.
  path: Assets/KevinCastejon/ConeMesh/Core/Editor
  artifactKey: Guid(70f125c5d09335f43be3e8bb9944d724) Importer(815301076,1909f56bfc062723c751e8b465ee728b)
Start importing Assets/KevinCastejon/ConeMesh/Core/Editor using Guid(70f125c5d09335f43be3e8bb9944d724) Importer(815301076,1909f56bfc062723c751e8b465ee728b)  -> (artifact id: '6ab6a1c9ae4a7ae51f0efb5b456f9348') in 0.000692 seconds
Number of updated asset objects reloaded before import = 0
Number of asset objects unloaded after import = 0
========================================================================
Received Import Request.
  Time since last request: 0.000018 seconds.
  path: Assets/AllSkyFree/Epic_GloriousPink/Epic_GloriousPink_Cam_5_Down-Y.png
  artifactKey: Guid(213ae241f43b44b3f961dd8739080120) Importer(815301076,1909f56bfc062723c751e8b465ee728b)
Start importing Assets/AllSkyFree/Epic_GloriousPink/Epic_GloriousPink_Cam_5_Down-Y.png using Guid(213ae241f43b44b3f961dd8739080120) Importer(815301076,1909f56bfc062723c751e8b465ee728b)  -> (artifact id: 'a9219eba5b0932790a24102a441b2ac7') in 0.035896 seconds
Number of updated asset objects reloaded before import = 0
Number of asset objects unloaded after import = 2
