Using pre-set license
Built from '2022.3/staging' branch; Version is '2022.3.15f1 (b58023a2b463) revision 11894819'; Using compiler version '192829333'; Build Type 'Release'
OS: 'Windows 10  (10.0.19045) 64bit Professional' Language: 'fr' Physical Memory: 24394 MB
BatchMode: 1, IsHumanControllingUs: 0, StartBugReporterOnCrash: 0, Is64bit: 1, IsPro: 1

COMMAND LINE ARGUMENTS:
C:\Program Files\Unity\Hub\Editor\2022.3.15f1\Editor\Unity.exe
-adb2
-batchMode
-noUpm
-name
AssetImportWorker0
-projectPath
C:/MasterGameancienTeam
-logFile
Logs/AssetImportWorker0.log
-srvPort
30836
Successfully changed project path to: C:/MasterGameancienTeam
C:/MasterGameancienTeam
[UnityMemory] Configuration Parameters - Can be set up in boot.config
    "memorysetup-bucket-allocator-granularity=16"
    "memorysetup-bucket-allocator-bucket-count=8"
    "memorysetup-bucket-allocator-block-size=33554432"
    "memorysetup-bucket-allocator-block-count=8"
    "memorysetup-main-allocator-block-size=16777216"
    "memorysetup-thread-allocator-block-size=16777216"
    "memorysetup-gfx-main-allocator-block-size=16777216"
    "memorysetup-gfx-thread-allocator-block-size=16777216"
    "memorysetup-cache-allocator-block-size=4194304"
    "memorysetup-typetree-allocator-block-size=2097152"
    "memorysetup-profiler-bucket-allocator-granularity=16"
    "memorysetup-profiler-bucket-allocator-bucket-count=8"
    "memorysetup-profiler-bucket-allocator-block-size=33554432"
    "memorysetup-profiler-bucket-allocator-block-count=8"
    "memorysetup-profiler-allocator-block-size=16777216"
    "memorysetup-profiler-editor-allocator-block-size=1048576"
    "memorysetup-temp-allocator-size-main=16777216"
    "memorysetup-job-temp-allocator-block-size=2097152"
    "memorysetup-job-temp-allocator-block-size-background=1048576"
    "memorysetup-job-temp-allocator-reduction-small-platforms=262144"
    "memorysetup-allocator-temp-initial-block-size-main=262144"
    "memorysetup-allocator-temp-initial-block-size-worker=262144"
    "memorysetup-temp-allocator-size-background-worker=32768"
    "memorysetup-temp-allocator-size-job-worker=262144"
    "memorysetup-temp-allocator-size-preload-manager=33554432"
    "memorysetup-temp-allocator-size-nav-mesh-worker=65536"
    "memorysetup-temp-allocator-size-audio-worker=65536"
    "memorysetup-temp-allocator-size-cloud-worker=32768"
    "memorysetup-temp-allocator-size-gi-baking-worker=262144"
    "memorysetup-temp-allocator-size-gfx=262144"
Player connection [30272] Host "[IP] 192.168.1.20 [Port] 0 [Flags] 2 [Guid] 3098713240 [EditorId] 3098713240 [Version] 1048832 [Id] WindowsEditor(7,DESKTOP-5350O11) [Debug] 1 [PackageName] WindowsEditor [ProjectName] Editor" joined multi-casting on [225.0.0.222:54997]...

Player connection [30272] Host "[IP] 192.168.1.20 [Port] 0 [Flags] 2 [Guid] 3098713240 [EditorId] 3098713240 [Version] 1048832 [Id] WindowsEditor(7,DESKTOP-5350O11) [Debug] 1 [PackageName] WindowsEditor [ProjectName] Editor" joined alternative multi-casting on [225.0.0.222:34997]...

[Physics::Module] Initialized MultithreadedJobDispatcher with 11 workers.
Refreshing native plugins compatible for Editor in 20.18 ms, found 7 plugins.
Preloading 0 native plugins for Editor in 0.00 ms.
Initialize engine version: 2022.3.15f1 (b58023a2b463)
[Subsystems] Discovering subsystems at path C:/Program Files/Unity/Hub/Editor/2022.3.15f1/Editor/Data/Resources/UnitySubsystems
[Subsystems] Discovering subsystems at path C:/MasterGameancienTeam/Assets
GfxDevice: creating device client; threaded=0; jobified=0
Direct3D:
    Version:  Direct3D 11.0 [level 11.1]
    Renderer: NVIDIA GeForce GTX 1650 with Max-Q Design (ID=0x1f9d)
    Vendor:   NVIDIA
    VRAM:     3935 MB
    Driver:   32.0.15.5599
Shader 'WFX/Transparent Diffuse': fallback shader 'Particles/Alpha Blended' not found
Shader 'WFX/Transparent Specular': fallback shader 'Particles/Alpha Blended' not found
Initialize mono
Mono path[0] = 'C:/Program Files/Unity/Hub/Editor/2022.3.15f1/Editor/Data/Managed'
Mono path[1] = 'C:/Program Files/Unity/Hub/Editor/2022.3.15f1/Editor/Data/MonoBleedingEdge/lib/mono/unityjit-win32'
Mono config path = 'C:/Program Files/Unity/Hub/Editor/2022.3.15f1/Editor/Data/MonoBleedingEdge/etc'
Using monoOptions --debugger-agent=transport=dt_socket,embedding=1,server=y,suspend=n,address=127.0.0.1:56508
Begin MonoManager ReloadAssembly
Registering precompiled unity dll's ...
Register platform support module: C:/Program Files/Unity/Hub/Editor/2022.3.15f1/Editor/Data/PlaybackEngines/WebGLSupport/UnityEditor.WebGL.Extensions.dll
Register platform support module: C:/Program Files/Unity/Hub/Editor/2022.3.15f1/Editor/Data/PlaybackEngines/AndroidPlayer/UnityEditor.Android.Extensions.dll
Register platform support module: C:/Program Files/Unity/Hub/Editor/2022.3.15f1/Editor/Data/PlaybackEngines/WindowsStandaloneSupport/UnityEditor.WindowsStandalone.Extensions.dll
Register platform support module: C:/Program Files/Unity/Hub/Editor/2022.3.15f1/Editor/Data/PlaybackEngines/MetroSupport/UnityEditor.UWP.Extensions.dll
Registered in 0.017121 seconds.
- Loaded All Assemblies, in  0.485 seconds
Native extension for UWP target not found
Native extension for WindowsStandalone target not found
Native extension for Android target not found
Android Extension - Scanning For ADB Devices 343 ms
Native extension for WebGL target not found
Mono: successfully reloaded assembly
- Finished resetting the current domain, in  0.785 seconds
Domain Reload Profiling: 1268ms
	BeginReloadAssembly (126ms)
		ExecutionOrderSort (0ms)
		DisableScriptedObjects (0ms)
		BackupInstance (0ms)
		ReleaseScriptingObjects (0ms)
		CreateAndSetChildDomain (1ms)
	RebuildCommonClasses (45ms)
	RebuildNativeTypeToScriptingClass (13ms)
	initialDomainReloadingComplete (78ms)
	LoadAllAssembliesAndSetupDomain (221ms)
		LoadAssemblies (125ms)
		RebuildTransferFunctionScriptingTraits (0ms)
		AnalyzeDomain (217ms)
			TypeCache.Refresh (214ms)
				TypeCache.ScanAssembly (191ms)
			ScanForSourceGeneratedMonoScriptInfo (1ms)
			ResolveRequiredComponents (1ms)
	FinalizeReload (785ms)
		ReleaseScriptCaches (0ms)
		RebuildScriptCaches (0ms)
		SetupLoadedEditorAssemblies (705ms)
			LogAssemblyErrors (0ms)
			InitializePlatformSupportModulesInManaged (502ms)
			SetLoadedEditorAssemblies (5ms)
			RefreshPlugins (0ms)
			BeforeProcessingInitializeOnLoad (3ms)
			ProcessInitializeOnLoadAttributes (139ms)
			ProcessInitializeOnLoadMethodAttributes (56ms)
			AfterProcessingInitializeOnLoad (0ms)
			EditorAssembliesLoaded (0ms)
		ExecutionOrderSort2 (0ms)
		AwakeInstancesAfterBackupRestoration (0ms)
========================================================================
Worker process is ready to serve import requests
Begin MonoManager ReloadAssembly
Symbol file LoadedFromMemory is not a mono symbol file
- Loaded All Assemblies, in  1.236 seconds
Refreshing native plugins compatible for Editor in 11.43 ms, found 7 plugins.
Native extension for UWP target not found
Native extension for WindowsStandalone target not found
Native extension for Android target not found
Native extension for WebGL target not found
[MODES] ModeService[none].Initialize
[MODES] ModeService[none].LoadModes
[MODES] Loading mode Default (0) for mode-current-id-MasterGame
Cancelling DisplayDialogComplex: Heureka Upgrade detected Please remove old Heureka Folder and import again through PackageManager (my Assets)
This should not be called in batch mode.
UnityEngine.StackTraceUtility:ExtractStackTrace ()
UnityEditor.EditorUtility:DisplayDialogComplex (string,string,string,string,string)
UnityEditor.EditorUtility:DisplayDialog (string,string,string,string,string,bool&)
UnityEditor.EditorUtility:DisplayDialog (string,string,string,string,UnityEditor.DialogOptOutDecisionType,string)
UnityEditor.EditorUtility:DisplayDialog (string,string,string,UnityEditor.DialogOptOutDecisionType,string)
HeurekaGames.Upgrade.Upgrader:TryUpgrade (bool) (at ./Packages/com.heurekagames.utils/Upgrade/Editor/Upgrader.cs:60)
HeurekaGames.Upgrade.Upgrader:.cctor () (at ./Packages/com.heurekagames.utils/Upgrade/Editor/Upgrader.cs:32)
System.Runtime.CompilerServices.RuntimeHelpers:RunClassConstructor (System.RuntimeTypeHandle)
UnityEditor.EditorAssemblies:ProcessInitializeOnLoadAttributes (System.Type[])

[./Packages/com.heurekagames.utils/Upgrade/Editor/Upgrader.cs line 60]

HeurekaGames: Old HeurekaGames assets found
UnityEngine.StackTraceUtility:ExtractStackTrace ()
UnityEngine.DebugLogHandler:LogFormat (UnityEngine.LogType,UnityEngine.Object,string,object[])
UnityEngine.Logger:Log (UnityEngine.LogType,object)
UnityEngine.Debug:LogWarning (object)
HeurekaGames.Upgrade.Upgrader:TryUpgrade (bool) (at ./Packages/com.heurekagames.utils/Upgrade/Editor/Upgrader.cs:66)
HeurekaGames.Upgrade.Upgrader:.cctor () (at ./Packages/com.heurekagames.utils/Upgrade/Editor/Upgrader.cs:32)
System.Runtime.CompilerServices.RuntimeHelpers:RunClassConstructor (System.RuntimeTypeHandle)
UnityEditor.EditorAssemblies:ProcessInitializeOnLoadAttributes (System.Type[])

(Filename: ./Packages/com.heurekagames.utils/Upgrade/Editor/Upgrader.cs Line: 66)

If you experience problems, plaese manually remove the Heureka assets in project, and reimport using Package Manager
UnityEngine.StackTraceUtility:ExtractStackTrace ()
UnityEngine.DebugLogHandler:LogFormat (UnityEngine.LogType,UnityEngine.Object,string,object[])
UnityEngine.Logger:Log (UnityEngine.LogType,object)
UnityEngine.Debug:LogWarning (object)
HeurekaGames.Upgrade.Upgrader:TryUpgrade (bool) (at ./Packages/com.heurekagames.utils/Upgrade/Editor/Upgrader.cs:67)
HeurekaGames.Upgrade.Upgrader:.cctor () (at ./Packages/com.heurekagames.utils/Upgrade/Editor/Upgrader.cs:32)
System.Runtime.CompilerServices.RuntimeHelpers:RunClassConstructor (System.RuntimeTypeHandle)
UnityEditor.EditorAssemblies:ProcessInitializeOnLoadAttributes (System.Type[])

(Filename: ./Packages/com.heurekagames.utils/Upgrade/Editor/Upgrader.cs Line: 67)

Package Manager log level set to [2]
[Package Manager] Server::EnsureServerProcessIsRunning -- launch failed, reason: Unity was launched with the -noUpm command-line argument
[Package Manager] UpmClient::Send -- Unable to send message (not connected to UPM process).
[Package Manager] Cannot connect to Unity Package Manager local server
Mono: successfully reloaded assembly
- Finished resetting the current domain, in  1.577 seconds
Domain Reload Profiling: 2807ms
	BeginReloadAssembly (195ms)
		ExecutionOrderSort (0ms)
		DisableScriptedObjects (18ms)
		BackupInstance (0ms)
		ReleaseScriptingObjects (0ms)
		CreateAndSetChildDomain (23ms)
	RebuildCommonClasses (38ms)
	RebuildNativeTypeToScriptingClass (12ms)
	initialDomainReloadingComplete (48ms)
	LoadAllAssembliesAndSetupDomain (936ms)
		LoadAssemblies (610ms)
		RebuildTransferFunctionScriptingTraits (0ms)
		AnalyzeDomain (426ms)
			TypeCache.Refresh (348ms)
				TypeCache.ScanAssembly (314ms)
			ScanForSourceGeneratedMonoScriptInfo (58ms)
			ResolveRequiredComponents (19ms)
	FinalizeReload (1578ms)
		ReleaseScriptCaches (0ms)
		RebuildScriptCaches (0ms)
		SetupLoadedEditorAssemblies (1324ms)
			LogAssemblyErrors (0ms)
			InitializePlatformSupportModulesInManaged (33ms)
			SetLoadedEditorAssemblies (9ms)
			RefreshPlugins (0ms)
			BeforeProcessingInitializeOnLoad (222ms)
			ProcessInitializeOnLoadAttributes (921ms)
			ProcessInitializeOnLoadMethodAttributes (131ms)
			AfterProcessingInitializeOnLoad (9ms)
			EditorAssembliesLoaded (0ms)
		ExecutionOrderSort2 (0ms)
		AwakeInstancesAfterBackupRestoration (7ms)
Shader 'Toon/Lighted Outline': fallback shader 'Toon/Lighted' not found
WARNING: Shader Unsupported: 'Toon/Lighted Outline' - All subshaders removed
WARNING: Shader Did you use #pragma only_renderers and omit this platform?
WARNING: Shader If subshaders removal was intentional, you may have forgotten turning Fallback off?
WARNING: Shader Unsupported: 'Toon/Lighted Outline' - All subshaders removed
WARNING: Shader Did you use #pragma only_renderers and omit this platform?
WARNING: Shader If subshaders removal was intentional, you may have forgotten turning Fallback off?
Shader 'Toon/Lighted Outline': fallback shader 'Toon/Lighted' not found
WARNING: Shader Unsupported: 'Toon/Lighted Outline' - All subshaders removed
WARNING: Shader Did you use #pragma only_renderers and omit this platform?
WARNING: Shader If subshaders removal was intentional, you may have forgotten turning Fallback off?
WARNING: Shader Unsupported: 'Toon/Lighted Outline' - All subshaders removed
WARNING: Shader Did you use #pragma only_renderers and omit this platform?
WARNING: Shader If subshaders removal was intentional, you may have forgotten turning Fallback off?
Shader 'WFX/Transparent Specular': fallback shader 'Particles/Alpha Blended' not found
Shader 'WFX/Transparent Diffuse': fallback shader 'Particles/Alpha Blended' not found
Launched and connected shader compiler UnityShaderCompiler.exe after 0.04 seconds
Refreshing native plugins compatible for Editor in 10.23 ms, found 7 plugins.
Preloading 0 native plugins for Editor in 0.00 ms.
Unloading 7571 Unused Serialized files (Serialized files now loaded: 0)
Unloading 138 unused Assets / (2.1 MB). Loaded Objects now: 8025.
Memory consumption went from 321.9 MB to 319.8 MB.
Total: 6.786700 ms (FindLiveObjects: 0.687100 ms CreateObjectMapping: 0.713200 ms MarkObjects: 4.563700 ms  DeleteObjects: 0.821600 ms)

AssetImportParameters requested are different than current active one (requested -> active):
  custom:container-demuxer-ogg: 62fdf1f143b41e24485cea50d1cbac27 -> 
  custom:framework-win-MediaFoundation: 216162199b28c13a410421893ffa2e32 -> 
  custom:container-muxer-webm: aa71ff27fc2769a1b78a27578f13a17b -> 
  custom:video-decoder-webm-vp8: 9c59270c3fd7afecdb556c50c9e8de78 -> 
  custom:SearchIndexIgnoredProperties: e643bd26f0fe6173181afceb89e7c659 -> 
  custom:AudioImporter_EditorPlatform: d09bf68614088b80899f8185d706f6e7 -> 
  custom:audio-decoder-ogg-vorbis: bf7c407c2cedff20999df2af8eb42d56 -> 
  custom:audio-encoder-webm-vorbis: bf7c407c2cedff20999df2af8eb42d56 -> 
  custom:video-decoder-ogg-theora: a1e56fd34408186e4bbccfd4996cb3dc -> 
  custom:CustomObjectIndexerAttribute: 39606d92bcf39ac9cd6fca1116091104 -> 
  custom:container-demuxer-webm: 4f35f7cbe854078d1ac9338744f61a02 -> 
  custom:video-encoder-webm-vp8: eb34c28f22e8b96e1ab97ce403110664 -> 
  custom:scripting/monoscript/fileName/Heureka_PackageDataManagerEditor.cs:  -> 1777346dfd4a472babfe02657061ddf3
  custom:scripting/monoscript/fileName/Heureka_ResourceLoader.cs:  -> f968c1c99fece12703bda844d81df314
  custom:scripting/monoscript/fileName/Heureka_PackageDataPromo.cs:  -> 4cc54aaaeb48b855d6de281427db7b0e
  custom:scripting/precompiled-assembly-types:HeurekaGames.Utils:  -> 358c0362095dad5087e28f1fb8ae1940
  custom:scripting/monoscript/fileName/Heureka_PackageData.cs:  -> a77d8fa82b756be5854c89b125e4179c
  custom:scripting/monoscript/fileName/Heureka_EditorData.cs:  -> 9bcdb3f6232f4ef0847dc88c656ad317
  custom:scripting/monoscript/fileName/Heureka_WindowStyler.cs:  -> 68063522d7ff4309dd6997c7f092f308
  custom:scripting/monoscript/fileName/Heureka_PackageDataVersioned.cs:  -> 8bd6864688daa554a7b01da6e8fa7515
  custom:scripting/monoscript/fileName/Upgrader.cs:  -> 587760d19ff8e68581659a0be679f9bc
  custom:scripting/precompiled-assembly-types:Heureka.Upgrade:  -> 3b92ade02d58551b76b10122116daa8b
  custom:scripting/monoscript/fileName/Heureka_Serializer.cs:  -> ad34013e842a89497f5be81aea27204f
  custom:scripting/monoscript/fileName/Heureka_AddDefineSymbols.cs:  -> 62455b51b186fb7971d30de238639228
  custom:scripting/monoscript/fileName/Heureka_PackageDataManager.cs:  -> 4d35c4ef08ffad6b0e14f70c7aa30310
========================================================================
Received Import Request.
  Time since last request: 359792.064376 seconds.
  path: Assets/City Builder Urban
  artifactKey: Guid(8bf2872f345a3734f9ffe58ff66b800f) Importer(815301076,1909f56bfc062723c751e8b465ee728b)
Start importing Assets/City Builder Urban using Guid(8bf2872f345a3734f9ffe58ff66b800f) Importer(815301076,1909f56bfc062723c751e8b465ee728b)  -> (artifact id: '6d742e4107875f8e1913d0222631eac7') in 0.002309 seconds
Number of updated asset objects reloaded before import = 0
Number of asset objects unloaded after import = 0
========================================================================
Received Import Request.
  Time since last request: 5.806453 seconds.
  path: Assets/Heureka
  artifactKey: Guid(77e7f2655ebc2eb499268e5a54372c71) Importer(815301076,1909f56bfc062723c751e8b465ee728b)
Start importing Assets/Heureka using Guid(77e7f2655ebc2eb499268e5a54372c71) Importer(815301076,1909f56bfc062723c751e8b465ee728b)  -> (artifact id: '2b4b07cb301f6a32626086e5deaab408') in 0.000496 seconds
Number of updated asset objects reloaded before import = 0
Number of asset objects unloaded after import = 0
========================================================================
Received Prepare
Begin MonoManager ReloadAssembly
Symbol file LoadedFromMemory is not a mono symbol file
- Loaded All Assemblies, in  1.202 seconds
Refreshing native plugins compatible for Editor in 12.44 ms, found 7 plugins.
Native extension for UWP target not found
Native extension for WindowsStandalone target not found
Native extension for Android target not found
Native extension for WebGL target not found
[MODES] ModeService[none].Initialize
[MODES] ModeService[none].LoadModes
[MODES] Loading mode Default (0) for mode-current-id-MasterGame
[Package Manager] Server::EnsureServerProcessIsRunning -- launch failed, reason: Unity was launched with the -noUpm command-line argument
[Package Manager] UpmClient::Send -- Unable to send message (not connected to UPM process).
[Package Manager] Cannot connect to Unity Package Manager local server
Mono: successfully reloaded assembly
- Finished resetting the current domain, in  2.781 seconds
Domain Reload Profiling: 3976ms
	BeginReloadAssembly (260ms)
		ExecutionOrderSort (0ms)
		DisableScriptedObjects (16ms)
		BackupInstance (0ms)
		ReleaseScriptingObjects (0ms)
		CreateAndSetChildDomain (71ms)
	RebuildCommonClasses (64ms)
	RebuildNativeTypeToScriptingClass (17ms)
	initialDomainReloadingComplete (58ms)
	LoadAllAssembliesAndSetupDomain (794ms)
		LoadAssemblies (790ms)
		RebuildTransferFunctionScriptingTraits (0ms)
		AnalyzeDomain (120ms)
			TypeCache.Refresh (37ms)
				TypeCache.ScanAssembly (4ms)
			ScanForSourceGeneratedMonoScriptInfo (54ms)
			ResolveRequiredComponents (27ms)
	FinalizeReload (2782ms)
		ReleaseScriptCaches (0ms)
		RebuildScriptCaches (0ms)
		SetupLoadedEditorAssemblies (1400ms)
			LogAssemblyErrors (0ms)
			InitializePlatformSupportModulesInManaged (41ms)
			SetLoadedEditorAssemblies (8ms)
			RefreshPlugins (0ms)
			BeforeProcessingInitializeOnLoad (316ms)
			ProcessInitializeOnLoadAttributes (933ms)
			ProcessInitializeOnLoadMethodAttributes (93ms)
			AfterProcessingInitializeOnLoad (8ms)
			EditorAssembliesLoaded (1ms)
		ExecutionOrderSort2 (0ms)
		AwakeInstancesAfterBackupRestoration (15ms)
Shader 'Toon/Lighted Outline': fallback shader 'Toon/Lighted' not found
WARNING: Shader Unsupported: 'Toon/Lighted Outline' - All subshaders removed
WARNING: Shader Did you use #pragma only_renderers and omit this platform?
WARNING: Shader If subshaders removal was intentional, you may have forgotten turning Fallback off?
WARNING: Shader Unsupported: 'Toon/Lighted Outline' - All subshaders removed
WARNING: Shader Did you use #pragma only_renderers and omit this platform?
WARNING: Shader If subshaders removal was intentional, you may have forgotten turning Fallback off?
Shader 'WFX/Transparent Specular': fallback shader 'Particles/Alpha Blended' not found
Shader 'WFX/Transparent Diffuse': fallback shader 'Particles/Alpha Blended' not found
Shader 'Toon/Lighted Outline': fallback shader 'Toon/Lighted' not found
WARNING: Shader Unsupported: 'Toon/Lighted Outline' - All subshaders removed
WARNING: Shader Did you use #pragma only_renderers and omit this platform?
WARNING: Shader If subshaders removal was intentional, you may have forgotten turning Fallback off?
WARNING: Shader Unsupported: 'Toon/Lighted Outline' - All subshaders removed
WARNING: Shader Did you use #pragma only_renderers and omit this platform?
WARNING: Shader If subshaders removal was intentional, you may have forgotten turning Fallback off?
Refreshing native plugins compatible for Editor in 10.23 ms, found 7 plugins.
Preloading 0 native plugins for Editor in 0.00 ms.
Unloading 7309 Unused Serialized files (Serialized files now loaded: 0)
Unloading 135 unused Assets / (2.1 MB). Loaded Objects now: 7993.
Memory consumption went from 268.7 MB to 266.6 MB.
Total: 10.691700 ms (FindLiveObjects: 1.231200 ms CreateObjectMapping: 1.135500 ms MarkObjects: 7.075000 ms  DeleteObjects: 1.248700 ms)

Prepare: number of updated asset objects reloaded= 0
AssetImportParameters requested are different than current active one (requested -> active):
  custom:container-demuxer-ogg: 62fdf1f143b41e24485cea50d1cbac27 -> 
  custom:framework-win-MediaFoundation: 216162199b28c13a410421893ffa2e32 -> 
  custom:container-muxer-webm: aa71ff27fc2769a1b78a27578f13a17b -> 
  custom:video-decoder-webm-vp8: 9c59270c3fd7afecdb556c50c9e8de78 -> 
  custom:SearchIndexIgnoredProperties: e643bd26f0fe6173181afceb89e7c659 -> 
  custom:AudioImporter_EditorPlatform: d09bf68614088b80899f8185d706f6e7 -> 
  custom:audio-decoder-ogg-vorbis: bf7c407c2cedff20999df2af8eb42d56 -> 
  custom:audio-encoder-webm-vorbis: bf7c407c2cedff20999df2af8eb42d56 -> 
  custom:video-decoder-ogg-theora: a1e56fd34408186e4bbccfd4996cb3dc -> 
  custom:CustomObjectIndexerAttribute: 39606d92bcf39ac9cd6fca1116091104 -> 
  custom:container-demuxer-webm: 4f35f7cbe854078d1ac9338744f61a02 -> 
  custom:video-encoder-webm-vp8: eb34c28f22e8b96e1ab97ce403110664 -> 
  custom:scripting/monoscript/fileName/Heureka_PackageDataManagerEditor.cs:  -> 1777346dfd4a472babfe02657061ddf3
  custom:scripting/monoscript/fileName/Heureka_ResourceLoader.cs:  -> f968c1c99fece12703bda844d81df314
  custom:scripting/monoscript/fileName/Heureka_PackageDataPromo.cs:  -> 4cc54aaaeb48b855d6de281427db7b0e
  custom:scripting/monoscript/fileName/Heureka_PackageData.cs:  -> a77d8fa82b756be5854c89b125e4179c
  custom:scripting/monoscript/fileName/Heureka_EditorData.cs:  -> 9bcdb3f6232f4ef0847dc88c656ad317
  custom:scripting/monoscript/fileName/Heureka_WindowStyler.cs:  -> 68063522d7ff4309dd6997c7f092f308
  custom:scripting/monoscript/fileName/Heureka_PackageDataVersioned.cs:  -> 8bd6864688daa554a7b01da6e8fa7515
  custom:scripting/monoscript/fileName/Heureka_Serializer.cs:  -> ad34013e842a89497f5be81aea27204f
  custom:scripting/monoscript/fileName/Heureka_AddDefineSymbols.cs:  -> 62455b51b186fb7971d30de238639228
  custom:scripting/monoscript/fileName/Heureka_PackageDataManager.cs:  -> 4d35c4ef08ffad6b0e14f70c7aa30310
========================================================================
Received Prepare
Assembly with name 'HeurekaGames.Utils' already exists (Assets/Heureka/Global/Editor/Heureka_GlobalAssemblyDefinition.asmdef)
Assembly with name 'HeurekaGames.Utils' already exists (Packages/com.heurekagames.utils/Editor/Heureka_GlobalAssemblyDefinition.asmdef)
Assembly with name 'HeurekaGames.AssetHunterPRO.Editor' already exists (Assets/Heureka/AssetHunterPRO/Editor/Scripts/AH_AssemblyDefinition.asmdef)
Assembly with name 'HeurekaGames.AssetHunterPRO.Editor' already exists (Packages/com.heurekagames.assethunterpro/Editor/Scripts/AH_AssemblyDefinition.asmdef)
Assembly with name 'HeurekaGames.Utils' already exists (Assets/Heureka/Global/Editor/Heureka_GlobalAssemblyDefinition.asmdef)
Assembly with name 'HeurekaGames.Utils' already exists (Packages/com.heurekagames.utils/Editor/Heureka_GlobalAssemblyDefinition.asmdef)
Assembly with name 'HeurekaGames.AssetHunterPRO.Editor' already exists (Assets/Heureka/AssetHunterPRO/Editor/Scripts/AH_AssemblyDefinition.asmdef)
Assembly with name 'HeurekaGames.AssetHunterPRO.Editor' already exists (Packages/com.heurekagames.assethunterpro/Editor/Scripts/AH_AssemblyDefinition.asmdef)
Begin MonoManager ReloadAssembly
Symbol file LoadedFromMemory is not a mono symbol file
- Loaded All Assemblies, in  1.311 seconds
Refreshing native plugins compatible for Editor in 18.01 ms, found 7 plugins.
Native extension for UWP target not found
Native extension for WindowsStandalone target not found
Native extension for Android target not found
Native extension for WebGL target not found
Assembly with name 'HeurekaGames.Utils' already exists (Assets/Heureka/Global/Editor/Heureka_GlobalAssemblyDefinition.asmdef)
Assembly with name 'HeurekaGames.Utils' already exists (Packages/com.heurekagames.utils/Editor/Heureka_GlobalAssemblyDefinition.asmdef)
Assembly with name 'HeurekaGames.AssetHunterPRO.Editor' already exists (Assets/Heureka/AssetHunterPRO/Editor/Scripts/AH_AssemblyDefinition.asmdef)
Assembly with name 'HeurekaGames.AssetHunterPRO.Editor' already exists (Packages/com.heurekagames.assethunterpro/Editor/Scripts/AH_AssemblyDefinition.asmdef)
[MODES] ModeService[none].Initialize
[MODES] ModeService[none].LoadModes
[MODES] Loading mode Default (0) for mode-current-id-MasterGame
[Package Manager] Server::EnsureServerProcessIsRunning -- launch failed, reason: Unity was launched with the -noUpm command-line argument
[Package Manager] UpmClient::Send -- Unable to send message (not connected to UPM process).
[Package Manager] Cannot connect to Unity Package Manager local server
Mono: successfully reloaded assembly
- Finished resetting the current domain, in  3.244 seconds
Domain Reload Profiling: 4545ms
	BeginReloadAssembly (297ms)
		ExecutionOrderSort (0ms)
		DisableScriptedObjects (20ms)
		BackupInstance (0ms)
		ReleaseScriptingObjects (0ms)
		CreateAndSetChildDomain (83ms)
	RebuildCommonClasses (64ms)
	RebuildNativeTypeToScriptingClass (32ms)
	initialDomainReloadingComplete (68ms)
	LoadAllAssembliesAndSetupDomain (839ms)
		LoadAssemblies (860ms)
		RebuildTransferFunctionScriptingTraits (0ms)
		AnalyzeDomain (123ms)
			TypeCache.Refresh (33ms)
				TypeCache.ScanAssembly (8ms)
			ScanForSourceGeneratedMonoScriptInfo (49ms)
			ResolveRequiredComponents (39ms)
	FinalizeReload (3245ms)
		ReleaseScriptCaches (0ms)
		RebuildScriptCaches (0ms)
		SetupLoadedEditorAssemblies (1768ms)
			LogAssemblyErrors (0ms)
			InitializePlatformSupportModulesInManaged (50ms)
			SetLoadedEditorAssemblies (11ms)
			RefreshPlugins (0ms)
			BeforeProcessingInitializeOnLoad (418ms)
			ProcessInitializeOnLoadAttributes (1167ms)
			ProcessInitializeOnLoadMethodAttributes (113ms)
			AfterProcessingInitializeOnLoad (10ms)
			EditorAssembliesLoaded (1ms)
		ExecutionOrderSort2 (0ms)
		AwakeInstancesAfterBackupRestoration (17ms)
Shader 'Toon/Lighted Outline': fallback shader 'Toon/Lighted' not found
WARNING: Shader Unsupported: 'Toon/Lighted Outline' - All subshaders removed
WARNING: Shader Did you use #pragma only_renderers and omit this platform?
WARNING: Shader If subshaders removal was intentional, you may have forgotten turning Fallback off?
WARNING: Shader Unsupported: 'Toon/Lighted Outline' - All subshaders removed
WARNING: Shader Did you use #pragma only_renderers and omit this platform?
WARNING: Shader If subshaders removal was intentional, you may have forgotten turning Fallback off?
Shader 'Toon/Lighted Outline': fallback shader 'Toon/Lighted' not found
WARNING: Shader Unsupported: 'Toon/Lighted Outline' - All subshaders removed
WARNING: Shader Did you use #pragma only_renderers and omit this platform?
WARNING: Shader If subshaders removal was intentional, you may have forgotten turning Fallback off?
WARNING: Shader Unsupported: 'Toon/Lighted Outline' - All subshaders removed
WARNING: Shader Did you use #pragma only_renderers and omit this platform?
WARNING: Shader If subshaders removal was intentional, you may have forgotten turning Fallback off?
Shader 'WFX/Transparent Specular': fallback shader 'Particles/Alpha Blended' not found
Shader 'WFX/Transparent Diffuse': fallback shader 'Particles/Alpha Blended' not found
Refreshing native plugins compatible for Editor in 10.36 ms, found 7 plugins.
Preloading 0 native plugins for Editor in 0.00 ms.
Unloading 7357 Unused Serialized files (Serialized files now loaded: 0)
Unloading 85 unused Assets / (2.1 MB). Loaded Objects now: 8058.
Memory consumption went from 271.5 MB to 269.4 MB.
Total: 6.885000 ms (FindLiveObjects: 0.772200 ms CreateObjectMapping: 0.774500 ms MarkObjects: 4.571100 ms  DeleteObjects: 0.766200 ms)

Prepare: number of updated asset objects reloaded= 0
AssetImportParameters requested are different than current active one (requested -> active):
  custom:container-demuxer-ogg: 62fdf1f143b41e24485cea50d1cbac27 -> 
  custom:scripting/monoscript/fileName/Heureka_PackageDataManagerEditor.cs: 1777346dfd4a472babfe02657061ddf3 -> 0283f4e02a9fddc874a98bd37619e487
  custom:framework-win-MediaFoundation: 216162199b28c13a410421893ffa2e32 -> 
  custom:scripting/monoscript/fileName/Heureka_ResourceLoader.cs: f968c1c99fece12703bda844d81df314 -> 1c96955c0d2bdcf6c9597c61f0dbbb2b
  custom:container-muxer-webm: aa71ff27fc2769a1b78a27578f13a17b -> 
  custom:video-decoder-webm-vp8: 9c59270c3fd7afecdb556c50c9e8de78 -> 
  custom:SearchIndexIgnoredProperties: e643bd26f0fe6173181afceb89e7c659 -> 
  custom:AudioImporter_EditorPlatform: d09bf68614088b80899f8185d706f6e7 -> 
  custom:scripting/monoscript/fileName/Heureka_PackageDataPromo.cs: 4cc54aaaeb48b855d6de281427db7b0e -> 9b3d309badda0b98c73d79985aed4017
  custom:scripting/monoscript/fileName/Heureka_PackageData.cs: a77d8fa82b756be5854c89b125e4179c -> 1b81e305f1652a38d26557afd2951a42
  custom:audio-decoder-ogg-vorbis: bf7c407c2cedff20999df2af8eb42d56 -> 
  custom:audio-encoder-webm-vorbis: bf7c407c2cedff20999df2af8eb42d56 -> 
  custom:scripting/monoscript/fileName/Heureka_EditorData.cs: 9bcdb3f6232f4ef0847dc88c656ad317 -> 640097c863c02b4874826e48cd16873b
  custom:video-decoder-ogg-theora: a1e56fd34408186e4bbccfd4996cb3dc -> 
  custom:scripting/monoscript/fileName/Heureka_WindowStyler.cs: 68063522d7ff4309dd6997c7f092f308 -> 31bcc41fd6d24e07da288fcac32282a9
  custom:CustomObjectIndexerAttribute: 39606d92bcf39ac9cd6fca1116091104 -> 
  custom:container-demuxer-webm: 4f35f7cbe854078d1ac9338744f61a02 -> 
  custom:scripting/monoscript/fileName/Heureka_PackageDataVersioned.cs: 8bd6864688daa554a7b01da6e8fa7515 -> 5f3b2fbc37a50a86e9e7787676361484
  custom:video-encoder-webm-vp8: eb34c28f22e8b96e1ab97ce403110664 -> 
  custom:scripting/monoscript/fileName/Heureka_Serializer.cs: ad34013e842a89497f5be81aea27204f -> f8a1c36b6e9cfbcaaf6981d63a44d6f5
  custom:scripting/monoscript/fileName/Heureka_AddDefineSymbols.cs: 62455b51b186fb7971d30de238639228 -> 495ec52b205663ec118b592a19e4bc26
  custom:scripting/monoscript/fileName/Heureka_PackageDataManager.cs: 4d35c4ef08ffad6b0e14f70c7aa30310 -> ceb114dec810c7e1286ef6121c8e213a
========================================================================
Received Prepare
Assembly with name 'HeurekaGames.Utils' already exists (Assets/Heureka/Global/Editor/Heureka_GlobalAssemblyDefinition.asmdef)
Assembly with name 'HeurekaGames.Utils' already exists (Packages/com.heurekagames.utils/Editor/Heureka_GlobalAssemblyDefinition.asmdef)
Assembly with name 'HeurekaGames.AssetHunterPRO.Editor' already exists (Assets/Heureka/AssetHunterPRO/Editor/Scripts/AH_AssemblyDefinition.asmdef)
Assembly with name 'HeurekaGames.AssetHunterPRO.Editor' already exists (Packages/com.heurekagames.assethunterpro/Editor/Scripts/AH_AssemblyDefinition.asmdef)
Assembly with name 'HeurekaGames.Utils' already exists (Assets/Heureka/Global/Editor/Heureka_GlobalAssemblyDefinition.asmdef)
Assembly with name 'HeurekaGames.Utils' already exists (Packages/com.heurekagames.utils/Editor/Heureka_GlobalAssemblyDefinition.asmdef)
Assembly with name 'HeurekaGames.AssetHunterPRO.Editor' already exists (Assets/Heureka/AssetHunterPRO/Editor/Scripts/AH_AssemblyDefinition.asmdef)
Assembly with name 'HeurekaGames.AssetHunterPRO.Editor' already exists (Packages/com.heurekagames.assethunterpro/Editor/Scripts/AH_AssemblyDefinition.asmdef)
Begin MonoManager ReloadAssembly
Symbol file LoadedFromMemory is not a mono symbol file
- Loaded All Assemblies, in  0.943 seconds
Refreshing native plugins compatible for Editor in 9.66 ms, found 7 plugins.
Native extension for UWP target not found
Native extension for WindowsStandalone target not found
Native extension for Android target not found
Native extension for WebGL target not found
Assembly with name 'HeurekaGames.Utils' already exists (Assets/Heureka/Global/Editor/Heureka_GlobalAssemblyDefinition.asmdef)
Assembly with name 'HeurekaGames.Utils' already exists (Packages/com.heurekagames.utils/Editor/Heureka_GlobalAssemblyDefinition.asmdef)
Assembly with name 'HeurekaGames.AssetHunterPRO.Editor' already exists (Assets/Heureka/AssetHunterPRO/Editor/Scripts/AH_AssemblyDefinition.asmdef)
Assembly with name 'HeurekaGames.AssetHunterPRO.Editor' already exists (Packages/com.heurekagames.assethunterpro/Editor/Scripts/AH_AssemblyDefinition.asmdef)
[MODES] ModeService[none].Initialize
[MODES] ModeService[none].LoadModes
[MODES] Loading mode Default (0) for mode-current-id-MasterGame
[Package Manager] Server::EnsureServerProcessIsRunning -- launch failed, reason: Unity was launched with the -noUpm command-line argument
[Package Manager] UpmClient::Send -- Unable to send message (not connected to UPM process).
[Package Manager] Cannot connect to Unity Package Manager local server
Mono: successfully reloaded assembly
- Finished resetting the current domain, in  2.303 seconds
Domain Reload Profiling: 3238ms
	BeginReloadAssembly (238ms)
		ExecutionOrderSort (0ms)
		DisableScriptedObjects (16ms)
		BackupInstance (0ms)
		ReleaseScriptingObjects (0ms)
		CreateAndSetChildDomain (70ms)
	RebuildCommonClasses (48ms)
	RebuildNativeTypeToScriptingClass (15ms)
	initialDomainReloadingComplete (42ms)
	LoadAllAssembliesAndSetupDomain (592ms)
		LoadAssemblies (629ms)
		RebuildTransferFunctionScriptingTraits (0ms)
		AnalyzeDomain (70ms)
			TypeCache.Refresh (19ms)
				TypeCache.ScanAssembly (3ms)
			ScanForSourceGeneratedMonoScriptInfo (30ms)
			ResolveRequiredComponents (20ms)
	FinalizeReload (2303ms)
		ReleaseScriptCaches (0ms)
		RebuildScriptCaches (0ms)
		SetupLoadedEditorAssemblies (1176ms)
			LogAssemblyErrors (0ms)
			InitializePlatformSupportModulesInManaged (34ms)
			SetLoadedEditorAssemblies (9ms)
			RefreshPlugins (0ms)
			BeforeProcessingInitializeOnLoad (270ms)
			ProcessInitializeOnLoadAttributes (762ms)
			ProcessInitializeOnLoadMethodAttributes (88ms)
			AfterProcessingInitializeOnLoad (12ms)
			EditorAssembliesLoaded (1ms)
		ExecutionOrderSort2 (0ms)
		AwakeInstancesAfterBackupRestoration (16ms)
Shader 'Toon/Lighted Outline': fallback shader 'Toon/Lighted' not found
WARNING: Shader Unsupported: 'Toon/Lighted Outline' - All subshaders removed
WARNING: Shader Did you use #pragma only_renderers and omit this platform?
WARNING: Shader If subshaders removal was intentional, you may have forgotten turning Fallback off?
WARNING: Shader Unsupported: 'Toon/Lighted Outline' - All subshaders removed
WARNING: Shader Did you use #pragma only_renderers and omit this platform?
WARNING: Shader If subshaders removal was intentional, you may have forgotten turning Fallback off?
Shader 'Toon/Lighted Outline': fallback shader 'Toon/Lighted' not found
WARNING: Shader Unsupported: 'Toon/Lighted Outline' - All subshaders removed
WARNING: Shader Did you use #pragma only_renderers and omit this platform?
WARNING: Shader If subshaders removal was intentional, you may have forgotten turning Fallback off?
WARNING: Shader Unsupported: 'Toon/Lighted Outline' - All subshaders removed
WARNING: Shader Did you use #pragma only_renderers and omit this platform?
WARNING: Shader If subshaders removal was intentional, you may have forgotten turning Fallback off?
Shader 'WFX/Transparent Specular': fallback shader 'Particles/Alpha Blended' not found
Shader 'WFX/Transparent Diffuse': fallback shader 'Particles/Alpha Blended' not found
Refreshing native plugins compatible for Editor in 13.91 ms, found 7 plugins.
Preloading 0 native plugins for Editor in 0.00 ms.
Unloading 7357 Unused Serialized files (Serialized files now loaded: 0)
Unloading 85 unused Assets / (2.1 MB). Loaded Objects now: 8075.
Memory consumption went from 273.5 MB to 271.4 MB.
Total: 8.540400 ms (FindLiveObjects: 0.742300 ms CreateObjectMapping: 1.027900 ms MarkObjects: 5.783600 ms  DeleteObjects: 0.985200 ms)

Prepare: number of updated asset objects reloaded= 0
AssetImportParameters requested are different than current active one (requested -> active):
  custom:container-demuxer-ogg: 62fdf1f143b41e24485cea50d1cbac27 -> 
  custom:scripting/monoscript/fileName/Heureka_PackageDataManagerEditor.cs: 1777346dfd4a472babfe02657061ddf3 -> 0283f4e02a9fddc874a98bd37619e487
  custom:framework-win-MediaFoundation: 216162199b28c13a410421893ffa2e32 -> 
  custom:scripting/monoscript/fileName/Heureka_ResourceLoader.cs: f968c1c99fece12703bda844d81df314 -> 1c96955c0d2bdcf6c9597c61f0dbbb2b
  custom:container-muxer-webm: aa71ff27fc2769a1b78a27578f13a17b -> 
  custom:video-decoder-webm-vp8: 9c59270c3fd7afecdb556c50c9e8de78 -> 
  custom:SearchIndexIgnoredProperties: e643bd26f0fe6173181afceb89e7c659 -> 
  custom:AudioImporter_EditorPlatform: d09bf68614088b80899f8185d706f6e7 -> 
  custom:scripting/monoscript/fileName/Heureka_PackageDataPromo.cs: 4cc54aaaeb48b855d6de281427db7b0e -> 9b3d309badda0b98c73d79985aed4017
  custom:scripting/monoscript/fileName/Heureka_PackageData.cs: a77d8fa82b756be5854c89b125e4179c -> 1b81e305f1652a38d26557afd2951a42
  custom:audio-decoder-ogg-vorbis: bf7c407c2cedff20999df2af8eb42d56 -> 
  custom:audio-encoder-webm-vorbis: bf7c407c2cedff20999df2af8eb42d56 -> 
  custom:scripting/monoscript/fileName/Heureka_EditorData.cs: 9bcdb3f6232f4ef0847dc88c656ad317 -> 640097c863c02b4874826e48cd16873b
  custom:video-decoder-ogg-theora: a1e56fd34408186e4bbccfd4996cb3dc -> 
  custom:scripting/monoscript/fileName/Heureka_WindowStyler.cs: 68063522d7ff4309dd6997c7f092f308 -> 31bcc41fd6d24e07da288fcac32282a9
  custom:CustomObjectIndexerAttribute: 39606d92bcf39ac9cd6fca1116091104 -> 
  custom:container-demuxer-webm: 4f35f7cbe854078d1ac9338744f61a02 -> 
  custom:scripting/monoscript/fileName/Heureka_PackageDataVersioned.cs: 8bd6864688daa554a7b01da6e8fa7515 -> 5f3b2fbc37a50a86e9e7787676361484
  custom:video-encoder-webm-vp8: eb34c28f22e8b96e1ab97ce403110664 -> 
  custom:scripting/monoscript/fileName/Heureka_Serializer.cs: ad34013e842a89497f5be81aea27204f -> f8a1c36b6e9cfbcaaf6981d63a44d6f5
  custom:scripting/monoscript/fileName/Heureka_AddDefineSymbols.cs: 62455b51b186fb7971d30de238639228 -> 495ec52b205663ec118b592a19e4bc26
  custom:scripting/monoscript/fileName/Heureka_PackageDataManager.cs: 4d35c4ef08ffad6b0e14f70c7aa30310 -> ceb114dec810c7e1286ef6121c8e213a
========================================================================
Received Prepare
Shader 'Toon/Lighted Outline': fallback shader 'Toon/Lighted' not found
WARNING: Shader Unsupported: 'Toon/Lighted Outline' - All subshaders removed
WARNING: Shader Did you use #pragma only_renderers and omit this platform?
WARNING: Shader If subshaders removal was intentional, you may have forgotten turning Fallback off?
WARNING: Shader Unsupported: 'Toon/Lighted Outline' - All subshaders removed
WARNING: Shader Did you use #pragma only_renderers and omit this platform?
WARNING: Shader If subshaders removal was intentional, you may have forgotten turning Fallback off?
Shader 'Toon/Lighted Outline': fallback shader 'Toon/Lighted' not found
WARNING: Shader Unsupported: 'Toon/Lighted Outline' - All subshaders removed
WARNING: Shader Did you use #pragma only_renderers and omit this platform?
WARNING: Shader If subshaders removal was intentional, you may have forgotten turning Fallback off?
WARNING: Shader Unsupported: 'Toon/Lighted Outline' - All subshaders removed
WARNING: Shader Did you use #pragma only_renderers and omit this platform?
WARNING: Shader If subshaders removal was intentional, you may have forgotten turning Fallback off?
Shader 'WFX/Transparent Specular': fallback shader 'Particles/Alpha Blended' not found
Shader 'WFX/Transparent Diffuse': fallback shader 'Particles/Alpha Blended' not found
Refreshing native plugins compatible for Editor in 11.83 ms, found 7 plugins.
Preloading 0 native plugins for Editor in 0.00 ms.
Unloading 20 Unused Serialized files (Serialized files now loaded: 0)
Unloading 21 unused Assets / (2.1 MB). Loaded Objects now: 8075.
Memory consumption went from 162.1 MB to 160.0 MB.
Total: 7.371700 ms (FindLiveObjects: 0.678200 ms CreateObjectMapping: 0.748300 ms MarkObjects: 5.230200 ms  DeleteObjects: 0.713600 ms)

Prepare: number of updated asset objects reloaded= 0
AssetImportParameters requested are different than current active one (requested -> active):
  custom:container-demuxer-ogg: 62fdf1f143b41e24485cea50d1cbac27 -> 
  custom:scripting/monoscript/fileName/Heureka_PackageDataManagerEditor.cs: 1777346dfd4a472babfe02657061ddf3 -> 0283f4e02a9fddc874a98bd37619e487
  custom:framework-win-MediaFoundation: 216162199b28c13a410421893ffa2e32 -> 
  custom:scripting/monoscript/fileName/Heureka_ResourceLoader.cs: f968c1c99fece12703bda844d81df314 -> 1c96955c0d2bdcf6c9597c61f0dbbb2b
  custom:container-muxer-webm: aa71ff27fc2769a1b78a27578f13a17b -> 
  custom:video-decoder-webm-vp8: 9c59270c3fd7afecdb556c50c9e8de78 -> 
  custom:SearchIndexIgnoredProperties: e643bd26f0fe6173181afceb89e7c659 -> 
  custom:AudioImporter_EditorPlatform: d09bf68614088b80899f8185d706f6e7 -> 
  custom:scripting/monoscript/fileName/Heureka_PackageDataPromo.cs: 4cc54aaaeb48b855d6de281427db7b0e -> 9b3d309badda0b98c73d79985aed4017
  custom:scripting/monoscript/fileName/Heureka_PackageData.cs: a77d8fa82b756be5854c89b125e4179c -> 1b81e305f1652a38d26557afd2951a42
  custom:audio-decoder-ogg-vorbis: bf7c407c2cedff20999df2af8eb42d56 -> 
  custom:audio-encoder-webm-vorbis: bf7c407c2cedff20999df2af8eb42d56 -> 
  custom:scripting/monoscript/fileName/Heureka_EditorData.cs: 9bcdb3f6232f4ef0847dc88c656ad317 -> 640097c863c02b4874826e48cd16873b
  custom:video-decoder-ogg-theora: a1e56fd34408186e4bbccfd4996cb3dc -> 
  custom:scripting/monoscript/fileName/Heureka_WindowStyler.cs: 68063522d7ff4309dd6997c7f092f308 -> 31bcc41fd6d24e07da288fcac32282a9
  custom:CustomObjectIndexerAttribute: 39606d92bcf39ac9cd6fca1116091104 -> 
  custom:container-demuxer-webm: 4f35f7cbe854078d1ac9338744f61a02 -> 
  custom:scripting/monoscript/fileName/Heureka_PackageDataVersioned.cs: 8bd6864688daa554a7b01da6e8fa7515 -> 5f3b2fbc37a50a86e9e7787676361484
  custom:video-encoder-webm-vp8: eb34c28f22e8b96e1ab97ce403110664 -> 
  custom:scripting/monoscript/fileName/Heureka_Serializer.cs: ad34013e842a89497f5be81aea27204f -> f8a1c36b6e9cfbcaaf6981d63a44d6f5
  custom:scripting/monoscript/fileName/Heureka_AddDefineSymbols.cs: 62455b51b186fb7971d30de238639228 -> 495ec52b205663ec118b592a19e4bc26
  custom:scripting/monoscript/fileName/Heureka_PackageDataManager.cs: 4d35c4ef08ffad6b0e14f70c7aa30310 -> ceb114dec810c7e1286ef6121c8e213a
========================================================================
Received Prepare
Switching render pipeline cfcffedabc077cd4aa658e69f672fde0 -> 00000000000000000000000000000000
Shader 'WFX/Transparent Specular': fallback shader 'Particles/Alpha Blended' not found
Shader 'WFX/Transparent Diffuse': fallback shader 'Particles/Alpha Blended' not found
Refreshing native plugins compatible for Editor in 10.71 ms, found 7 plugins.
Preloading 0 native plugins for Editor in 0.00 ms.
Unloading 19 Unused Serialized files (Serialized files now loaded: 0)
Unloading 21 unused Assets / (2.0 MB). Loaded Objects now: 8074.
Memory consumption went from 156.3 MB to 154.3 MB.
Total: 8.136200 ms (FindLiveObjects: 0.893300 ms CreateObjectMapping: 1.031500 ms MarkObjects: 5.467500 ms  DeleteObjects: 0.742900 ms)

Prepare: number of updated asset objects reloaded= 50
AssetImportParameters requested are different than current active one (requested -> active):
  custom:container-demuxer-ogg: 62fdf1f143b41e24485cea50d1cbac27 -> 
  custom:scripting/monoscript/fileName/Heureka_PackageDataManagerEditor.cs: 1777346dfd4a472babfe02657061ddf3 -> 0283f4e02a9fddc874a98bd37619e487
  custom:framework-win-MediaFoundation: 216162199b28c13a410421893ffa2e32 -> 
  custom:scripting/monoscript/fileName/Heureka_ResourceLoader.cs: f968c1c99fece12703bda844d81df314 -> 1c96955c0d2bdcf6c9597c61f0dbbb2b
  custom:container-muxer-webm: aa71ff27fc2769a1b78a27578f13a17b -> 
  custom:video-decoder-webm-vp8: 9c59270c3fd7afecdb556c50c9e8de78 -> 
  custom:SearchIndexIgnoredProperties: e643bd26f0fe6173181afceb89e7c659 -> 
  custom:AudioImporter_EditorPlatform: d09bf68614088b80899f8185d706f6e7 -> 
  custom:scripting/monoscript/fileName/Heureka_PackageDataPromo.cs: 4cc54aaaeb48b855d6de281427db7b0e -> 9b3d309badda0b98c73d79985aed4017
  custom:scripting/monoscript/fileName/Heureka_PackageData.cs: a77d8fa82b756be5854c89b125e4179c -> 1b81e305f1652a38d26557afd2951a42
  custom:audio-decoder-ogg-vorbis: bf7c407c2cedff20999df2af8eb42d56 -> 
  custom:audio-encoder-webm-vorbis: bf7c407c2cedff20999df2af8eb42d56 -> 
  custom:scripting/monoscript/fileName/Heureka_EditorData.cs: 9bcdb3f6232f4ef0847dc88c656ad317 -> 640097c863c02b4874826e48cd16873b
  custom:video-decoder-ogg-theora: a1e56fd34408186e4bbccfd4996cb3dc -> 
  custom:scripting/monoscript/fileName/Heureka_WindowStyler.cs: 68063522d7ff4309dd6997c7f092f308 -> 31bcc41fd6d24e07da288fcac32282a9
  custom:CustomObjectIndexerAttribute: 39606d92bcf39ac9cd6fca1116091104 -> 
  custom:container-demuxer-webm: 4f35f7cbe854078d1ac9338744f61a02 -> 
  custom:scripting/monoscript/fileName/Heureka_PackageDataVersioned.cs: 8bd6864688daa554a7b01da6e8fa7515 -> 5f3b2fbc37a50a86e9e7787676361484
  custom:video-encoder-webm-vp8: eb34c28f22e8b96e1ab97ce403110664 -> 
  custom:scripting/monoscript/fileName/Heureka_Serializer.cs: ad34013e842a89497f5be81aea27204f -> f8a1c36b6e9cfbcaaf6981d63a44d6f5
  custom:scripting/monoscript/fileName/Heureka_AddDefineSymbols.cs: 62455b51b186fb7971d30de238639228 -> 495ec52b205663ec118b592a19e4bc26
  custom:scripting/monoscript/fileName/Heureka_PackageDataManager.cs: 4d35c4ef08ffad6b0e14f70c7aa30310 -> ceb114dec810c7e1286ef6121c8e213a
========================================================================
Received Import Request.
  Time since last request: 521.875708 seconds.
  path: Assets/ConesMaterial.mat
  artifactKey: Guid(c64eafddb51ef8c42a5451b92e934cac) Importer(815301076,1909f56bfc062723c751e8b465ee728b)
Start importing Assets/ConesMaterial.mat using Guid(c64eafddb51ef8c42a5451b92e934cac) Importer(815301076,1909f56bfc062723c751e8b465ee728b)  -> (artifact id: '71ff53285f798f21b48ca31bef750690') in 0.185618 seconds
Number of updated asset objects reloaded before import = 0
Number of asset objects unloaded after import = 1
========================================================================
Received Import Request.
  Time since last request: 0.000875 seconds.
  path: Assets/Full.mp4
  artifactKey: Guid(370c8b94eb57bed4f83a46afd49e3835) Importer(815301076,1909f56bfc062723c751e8b465ee728b)
Start importing Assets/Full.mp4 using Guid(370c8b94eb57bed4f83a46afd49e3835) Importer(815301076,1909f56bfc062723c751e8b465ee728b)  -> (artifact id: '35af20d69f9c3131da15b399063f6636') in 0.001304 seconds
Number of updated asset objects reloaded before import = 0
Number of asset objects unloaded after import = 1
========================================================================
Received Import Request.
  Time since last request: 0.000018 seconds.
  path: Assets/image_2024-09-15_031455724.png
  artifactKey: Guid(bbcf13d51a501834099b27597dcee41a) Importer(815301076,1909f56bfc062723c751e8b465ee728b)
Start importing Assets/image_2024-09-15_031455724.png using Guid(bbcf13d51a501834099b27597dcee41a) Importer(815301076,1909f56bfc062723c751e8b465ee728b)  -> (artifact id: '9b77a13aab9d9a2aadbfeeaa3a87eda1') in 0.065779 seconds
Number of updated asset objects reloaded before import = 0
Number of asset objects unloaded after import = 3
========================================================================
Received Import Request.
  Time since last request: 0.124412 seconds.
  path: Assets/Logo.png
  artifactKey: Guid(1f730051e55070b42a1c5be6640d784d) Importer(815301076,1909f56bfc062723c751e8b465ee728b)
Start importing Assets/Logo.png using Guid(1f730051e55070b42a1c5be6640d784d) Importer(815301076,1909f56bfc062723c751e8b465ee728b)  -> (artifact id: '9f7d881fc385a929927ad952606a8492') in 0.025243 seconds
Number of updated asset objects reloaded before import = 0
Number of asset objects unloaded after import = 3
========================================================================
Received Import Request.
  Time since last request: 0.128769 seconds.
  path: Assets/Male Sitting Pose.fbx
  artifactKey: Guid(cefea0a2b780d4943baca0bd91c86205) Importer(815301076,1909f56bfc062723c751e8b465ee728b)
Start importing Assets/Male Sitting Pose.fbx using Guid(cefea0a2b780d4943baca0bd91c86205) Importer(815301076,1909f56bfc062723c751e8b465ee728b)  -> (artifact id: '3278c6e0bbfe7bddad14d257c9ca25ca') in 0.019755 seconds
Number of updated asset objects reloaded before import = 0
Number of asset objects unloaded after import = 137
========================================================================
Received Import Request.
  Time since last request: 0.000015 seconds.
  path: Assets/mINIMAP.renderTexture
  artifactKey: Guid(9569f0a24dc2d744d87823df7c2a342e) Importer(815301076,1909f56bfc062723c751e8b465ee728b)
Start importing Assets/mINIMAP.renderTexture using Guid(9569f0a24dc2d744d87823df7c2a342e) Importer(815301076,1909f56bfc062723c751e8b465ee728b)  -> (artifact id: '4233261e5ba95404557ca7597fdba80e') in 0.016195 seconds
Number of updated asset objects reloaded before import = 0
Number of asset objects unloaded after import = 2
========================================================================
Received Import Request.
  Time since last request: 0.113682 seconds.
  path: Assets/MiniMapterxture.renderTexture
  artifactKey: Guid(81bddb7cdbc664b4d8406774f92cae12) Importer(815301076,1909f56bfc062723c751e8b465ee728b)
Start importing Assets/MiniMapterxture.renderTexture using Guid(81bddb7cdbc664b4d8406774f92cae12) Importer(815301076,1909f56bfc062723c751e8b465ee728b)  -> (artifact id: '4fa2e1d0f95ba255da78b1476b87b309') in 0.012714 seconds
Number of updated asset objects reloaded before import = 0
Number of asset objects unloaded after import = 2
========================================================================
Received Import Request.
  Time since last request: 0.158516 seconds.
  path: Assets/safe_open.fbx
  artifactKey: Guid(e05cec328b1eb8f48b6e1b1800b7a5d9) Importer(815301076,1909f56bfc062723c751e8b465ee728b)
Start importing Assets/safe_open.fbx using Guid(e05cec328b1eb8f48b6e1b1800b7a5d9) Importer(815301076,1909f56bfc062723c751e8b465ee728b)  -> (artifact id: 'dafd5052400d0e37afc08615c083e919') in 0.068724 seconds
Number of updated asset objects reloaded before import = 0
Number of asset objects unloaded after import = 15
========================================================================
Received Import Request.
  Time since last request: 6.599060 seconds.
  path: Assets/QA_Office
  artifactKey: Guid(50deb58a27dbd154a8cf29228ba59b91) Importer(815301076,1909f56bfc062723c751e8b465ee728b)
Start importing Assets/QA_Office using Guid(50deb58a27dbd154a8cf29228ba59b91) Importer(815301076,1909f56bfc062723c751e8b465ee728b)  -> (artifact id: 'edc7120e7cb5c9b64635c3953a6e42d0') in 0.000680 seconds
Number of updated asset objects reloaded before import = 0
Number of asset objects unloaded after import = 0
========================================================================
Received Import Request.
  Time since last request: 2.846106 seconds.
  path: Assets/QA_Office/Models
  artifactKey: Guid(46cce1b30df0db24f8f53e6a3c588c04) Importer(815301076,1909f56bfc062723c751e8b465ee728b)
Start importing Assets/QA_Office/Models using Guid(46cce1b30df0db24f8f53e6a3c588c04) Importer(815301076,1909f56bfc062723c751e8b465ee728b)  -> (artifact id: 'cb97f3e8771e32b757e604b57e0b3b7f') in 0.000911 seconds
Number of updated asset objects reloaded before import = 0
Number of asset objects unloaded after import = 0
========================================================================
Received Import Request.
  Time since last request: 0.325904 seconds.
  path: Assets/QA_Office/Models/A4_1.fbx
  artifactKey: Guid(955d9072f26a8f64ba076f0fd588adef) Importer(815301076,1909f56bfc062723c751e8b465ee728b)
Start importing Assets/QA_Office/Models/A4_1.fbx using Guid(955d9072f26a8f64ba076f0fd588adef) Importer(815301076,1909f56bfc062723c751e8b465ee728b)  -> (artifact id: '5fdc1f1682074d15a7591b423b0daf92') in 0.077220 seconds
Number of updated asset objects reloaded before import = 0
Number of asset objects unloaded after import = 11
========================================================================
Received Import Request.
  Time since last request: 0.108642 seconds.
  path: Assets/QA_Office/Models/A4_ImportantCustomers.fbx
  artifactKey: Guid(d436587b03edfad4e9e617ac844d8839) Importer(815301076,1909f56bfc062723c751e8b465ee728b)
Start importing Assets/QA_Office/Models/A4_ImportantCustomers.fbx using Guid(d436587b03edfad4e9e617ac844d8839) Importer(815301076,1909f56bfc062723c751e8b465ee728b)  -> (artifact id: 'd0544485ce7c2624106e27b5e3436950') in 0.044225 seconds
Number of updated asset objects reloaded before import = 0
Number of asset objects unloaded after import = 11
========================================================================
Received Import Request.
  Time since last request: 0.000018 seconds.
  path: Assets/QA_Office/Models/BlindsBig.FBX
  artifactKey: Guid(78560339e6f75a74ca2d9e74deddc4fa) Importer(815301076,1909f56bfc062723c751e8b465ee728b)
Start importing Assets/QA_Office/Models/BlindsBig.FBX using Guid(78560339e6f75a74ca2d9e74deddc4fa) Importer(815301076,1909f56bfc062723c751e8b465ee728b)  -> (artifact id: '2cb32a52294fcc6b257d9903f3d82436') in 0.058882 seconds
Number of updated asset objects reloaded before import = 0
Number of asset objects unloaded after import = 14
========================================================================
Received Import Request.
  Time since last request: 0.056585 seconds.
  path: Assets/QA_Office/Models/BlindsBigOpen.FBX
  artifactKey: Guid(d5d9c314c7ba07a448285cfee76161b6) Importer(815301076,1909f56bfc062723c751e8b465ee728b)
Start importing Assets/QA_Office/Models/BlindsBigOpen.FBX using Guid(d5d9c314c7ba07a448285cfee76161b6) Importer(815301076,1909f56bfc062723c751e8b465ee728b)  -> (artifact id: '0539a8305f2f2446f5887380cfbf61c6') in 0.039389 seconds
Number of updated asset objects reloaded before import = 0
Number of asset objects unloaded after import = 12
========================================================================
Received Import Request.
  Time since last request: 0.000016 seconds.
  path: Assets/QA_Office/Models/BlindsBigVerticalOpen.FBX
  artifactKey: Guid(88dc9da48ad782749a6691462ff72f92) Importer(815301076,1909f56bfc062723c751e8b465ee728b)
Start importing Assets/QA_Office/Models/BlindsBigVerticalOpen.FBX using Guid(88dc9da48ad782749a6691462ff72f92) Importer(815301076,1909f56bfc062723c751e8b465ee728b)  -> (artifact id: '40b06369d3e6a81e9401df456f02c841') in 0.032954 seconds
Number of updated asset objects reloaded before import = 0
Number of asset objects unloaded after import = 14
========================================================================
Received Import Request.
  Time since last request: 0.140327 seconds.
  path: Assets/QA_Office/Models/BlindsHorizontal_1m.FBX
  artifactKey: Guid(f4678fafabe86d14288c683fa299b477) Importer(815301076,1909f56bfc062723c751e8b465ee728b)
Start importing Assets/QA_Office/Models/BlindsHorizontal_1m.FBX using Guid(f4678fafabe86d14288c683fa299b477) Importer(815301076,1909f56bfc062723c751e8b465ee728b)  -> (artifact id: '965289ba789fc832ec51014a75f1b434') in 0.082266 seconds
Number of updated asset objects reloaded before import = 0
Number of asset objects unloaded after import = 13
========================================================================
Received Import Request.
  Time since last request: 0.260992 seconds.
  path: Assets/QA_Office/Models/Box.FBX
  artifactKey: Guid(c1d204bc5403ee146a9998613caa097f) Importer(815301076,1909f56bfc062723c751e8b465ee728b)
Start importing Assets/QA_Office/Models/Box.FBX using Guid(c1d204bc5403ee146a9998613caa097f) Importer(815301076,1909f56bfc062723c751e8b465ee728b)  -> (artifact id: '79e62ebdad2a1bc46e443a6611c4e13d') in 0.141910 seconds
Number of updated asset objects reloaded before import = 0
Number of asset objects unloaded after import = 11
========================================================================
Received Import Request.
  Time since last request: 0.000058 seconds.
  path: Assets/QA_Office/Models/BoxBig.FBX
  artifactKey: Guid(69cfa1ea8a6857e42b4da14f6f8f77b0) Importer(815301076,1909f56bfc062723c751e8b465ee728b)
Start importing Assets/QA_Office/Models/BoxBig.FBX using Guid(69cfa1ea8a6857e42b4da14f6f8f77b0) Importer(815301076,1909f56bfc062723c751e8b465ee728b)  -> (artifact id: '7c9a845292a3af1f1cca54d1860cae87') in 0.080734 seconds
Number of updated asset objects reloaded before import = 0
Number of asset objects unloaded after import = 11
========================================================================
Received Import Request.
  Time since last request: 0.127960 seconds.
  path: Assets/QA_Office/Models/BoxBig_A.fbx
  artifactKey: Guid(141b54de30d77de4b8dd23de087180b3) Importer(815301076,1909f56bfc062723c751e8b465ee728b)
Start importing Assets/QA_Office/Models/BoxBig_A.fbx using Guid(141b54de30d77de4b8dd23de087180b3) Importer(815301076,1909f56bfc062723c751e8b465ee728b)  -> (artifact id: 'c8638789994fe2a76517ff389602b021') in 0.066789 seconds
Number of updated asset objects reloaded before import = 0
Number of asset objects unloaded after import = 11
========================================================================
Received Import Request.
  Time since last request: 0.000031 seconds.
  path: Assets/QA_Office/Models/BoxOpen.FBX
  artifactKey: Guid(e451cce37aaf5ab4284e1db8065db56b) Importer(815301076,1909f56bfc062723c751e8b465ee728b)
Start importing Assets/QA_Office/Models/BoxOpen.FBX using Guid(e451cce37aaf5ab4284e1db8065db56b) Importer(815301076,1909f56bfc062723c751e8b465ee728b)  -> (artifact id: '8e27fd9d32acf3a1b8c0242f65b88f0c') in 0.072044 seconds
Number of updated asset objects reloaded before import = 0
Number of asset objects unloaded after import = 11
========================================================================
Received Import Request.
  Time since last request: 0.186220 seconds.
  path: Assets/QA_Office/Models/BoxPortable_B.fbx
  artifactKey: Guid(800606da361c911488adecd3f818d9a8) Importer(815301076,1909f56bfc062723c751e8b465ee728b)
Start importing Assets/QA_Office/Models/BoxPortable_B.fbx using Guid(800606da361c911488adecd3f818d9a8) Importer(815301076,1909f56bfc062723c751e8b465ee728b)  -> (artifact id: 'fcfcfba1a46d411e88bd531aacdc68f6') in 0.072800 seconds
Number of updated asset objects reloaded before import = 0
Number of asset objects unloaded after import = 11
========================================================================
Received Import Request.
  Time since last request: 0.000431 seconds.
  path: Assets/QA_Office/Models/BoxPortable_D.fbx
  artifactKey: Guid(bcb8f3211dce47142af24d9bcf49213c) Importer(815301076,1909f56bfc062723c751e8b465ee728b)
Start importing Assets/QA_Office/Models/BoxPortable_D.fbx using Guid(bcb8f3211dce47142af24d9bcf49213c) Importer(815301076,1909f56bfc062723c751e8b465ee728b)  -> (artifact id: 'a52c7c0162c34650e21a27f2ac519728') in 0.069040 seconds
Number of updated asset objects reloaded before import = 0
Number of asset objects unloaded after import = 11
========================================================================
Received Import Request.
  Time since last request: 0.194891 seconds.
  path: Assets/QA_Office/Models/BoxPortable_F.fbx
  artifactKey: Guid(73acd89f68f03f345be946f86311282d) Importer(815301076,1909f56bfc062723c751e8b465ee728b)
Start importing Assets/QA_Office/Models/BoxPortable_F.fbx using Guid(73acd89f68f03f345be946f86311282d) Importer(815301076,1909f56bfc062723c751e8b465ee728b)  -> (artifact id: '89042aa0ef8be26b6c55810673ba7a8e') in 0.092925 seconds
Number of updated asset objects reloaded before import = 0
Number of asset objects unloaded after import = 11
========================================================================
Received Import Request.
  Time since last request: 0.000027 seconds.
  path: Assets/QA_Office/Models/BoxPortableCap_D.fbx
  artifactKey: Guid(24f2a9ccf88a37045a8ad5615ad02fce) Importer(815301076,1909f56bfc062723c751e8b465ee728b)
Start importing Assets/QA_Office/Models/BoxPortableCap_D.fbx using Guid(24f2a9ccf88a37045a8ad5615ad02fce) Importer(815301076,1909f56bfc062723c751e8b465ee728b)  -> (artifact id: '329176543d32ffbeb2169323bffd78ab') in 0.071762 seconds
Number of updated asset objects reloaded before import = 0
Number of asset objects unloaded after import = 11
========================================================================
Received Import Request.
  Time since last request: 0.179704 seconds.
  path: Assets/QA_Office/Models/Building_01.fbx
  artifactKey: Guid(22a7fa9177195ec4fb0e5932cc299ec6) Importer(815301076,1909f56bfc062723c751e8b465ee728b)
Start importing Assets/QA_Office/Models/Building_01.fbx using Guid(22a7fa9177195ec4fb0e5932cc299ec6) Importer(815301076,1909f56bfc062723c751e8b465ee728b)  -> (artifact id: '24f3a133ec39f8e152bc2b74d17639be') in 0.061001 seconds
Number of updated asset objects reloaded before import = 0
Number of asset objects unloaded after import = 11
========================================================================
Received Import Request.
  Time since last request: 0.000031 seconds.
  path: Assets/QA_Office/Models/CarpetPath_01.fbx
  artifactKey: Guid(fb961130daa79364688d7fef8503058a) Importer(815301076,1909f56bfc062723c751e8b465ee728b)
Start importing Assets/QA_Office/Models/CarpetPath_01.fbx using Guid(fb961130daa79364688d7fef8503058a) Importer(815301076,1909f56bfc062723c751e8b465ee728b)  -> (artifact id: '61b137b92a1a824d449d983795b2b1c5') in 0.066679 seconds
Number of updated asset objects reloaded before import = 0
Number of asset objects unloaded after import = 11
========================================================================
Received Import Request.
  Time since last request: 0.182973 seconds.
  path: Assets/QA_Office/Models/CarpetPath_02.fbx
  artifactKey: Guid(23c9f915900fc75448855a2678d9350a) Importer(815301076,1909f56bfc062723c751e8b465ee728b)
Start importing Assets/QA_Office/Models/CarpetPath_02.fbx using Guid(23c9f915900fc75448855a2678d9350a) Importer(815301076,1909f56bfc062723c751e8b465ee728b)  -> (artifact id: 'cde45ce510e0f94a63e0ca55d96a6b3a') in 0.113679 seconds
Number of updated asset objects reloaded before import = 0
Number of asset objects unloaded after import = 11
========================================================================
Received Import Request.
  Time since last request: 0.000035 seconds.
  path: Assets/QA_Office/Models/CCTV_1.fbx
  artifactKey: Guid(14abe49a730ad6c4a85768380cc9ed68) Importer(815301076,1909f56bfc062723c751e8b465ee728b)
Start importing Assets/QA_Office/Models/CCTV_1.fbx using Guid(14abe49a730ad6c4a85768380cc9ed68) Importer(815301076,1909f56bfc062723c751e8b465ee728b)  -> (artifact id: 'ffe900d9e1c8b29c15fc149bebdaa2fe') in 0.100162 seconds
Number of updated asset objects reloaded before import = 0
Number of asset objects unloaded after import = 11
========================================================================
Received Import Request.
  Time since last request: 0.147767 seconds.
  path: Assets/QA_Office/Models/CCTV_2.FBX
  artifactKey: Guid(a336ab28fbd6a274dba13d2766798292) Importer(815301076,1909f56bfc062723c751e8b465ee728b)
Start importing Assets/QA_Office/Models/CCTV_2.FBX using Guid(a336ab28fbd6a274dba13d2766798292) Importer(815301076,1909f56bfc062723c751e8b465ee728b)  -> (artifact id: 'a7663fd3f1c603d4426809d70458a7aa') in 0.094662 seconds
Number of updated asset objects reloaded before import = 0
Number of asset objects unloaded after import = 11
========================================================================
Received Import Request.
  Time since last request: 0.000255 seconds.
  path: Assets/QA_Office/Models/Chair.FBX
  artifactKey: Guid(ce9cabc13fd86214ca8f059f10b5d662) Importer(815301076,1909f56bfc062723c751e8b465ee728b)
Start importing Assets/QA_Office/Models/Chair.FBX using Guid(ce9cabc13fd86214ca8f059f10b5d662) Importer(815301076,1909f56bfc062723c751e8b465ee728b)  -> (artifact id: '482797b946867bcd1d6e1b7fba2a2c3e') in 0.081131 seconds
Number of updated asset objects reloaded before import = 0
Number of asset objects unloaded after import = 13
========================================================================
Received Import Request.
  Time since last request: 0.149115 seconds.
  path: Assets/QA_Office/Models/ChairOffice.FBX
  artifactKey: Guid(3bcf7fae6f1da794ea2f806f79372f1e) Importer(815301076,1909f56bfc062723c751e8b465ee728b)
Start importing Assets/QA_Office/Models/ChairOffice.FBX using Guid(3bcf7fae6f1da794ea2f806f79372f1e) Importer(815301076,1909f56bfc062723c751e8b465ee728b)  -> (artifact id: '63820ae067983af2a2b2ca19c19d402e') in 0.102997 seconds
Number of updated asset objects reloaded before import = 0
Number of asset objects unloaded after import = 22
========================================================================
Received Import Request.
  Time since last request: 0.000262 seconds.
  path: Assets/QA_Office/Models/Clock_01.fbx
  artifactKey: Guid(58ca3554bf445ee4bbac2b4861e8f581) Importer(815301076,1909f56bfc062723c751e8b465ee728b)
Start importing Assets/QA_Office/Models/Clock_01.fbx using Guid(58ca3554bf445ee4bbac2b4861e8f581) Importer(815301076,1909f56bfc062723c751e8b465ee728b)  -> (artifact id: 'f6ab50d0985bbe3ba6c75b91062f2a5d') in 0.183037 seconds
Number of updated asset objects reloaded before import = 0
Number of asset objects unloaded after import = 41
========================================================================
Received Import Request.
  Time since last request: 0.044762 seconds.
  path: Assets/QA_Office/Models/Clock_03.fbx
  artifactKey: Guid(b2d848dad5dc2544b8b9db0a18d290fd) Importer(815301076,1909f56bfc062723c751e8b465ee728b)
Start importing Assets/QA_Office/Models/Clock_03.fbx using Guid(b2d848dad5dc2544b8b9db0a18d290fd) Importer(815301076,1909f56bfc062723c751e8b465ee728b)  -> (artifact id: 'f8cf151c00dcc5986ec4951b600d82ad') in 0.130207 seconds
Number of updated asset objects reloaded before import = 0
Number of asset objects unloaded after import = 29
========================================================================
Received Import Request.
  Time since last request: 0.228390 seconds.
  path: Assets/QA_Office/Models/Cup_half-full.fbx
  artifactKey: Guid(b0babea25620a04478006df6113b4369) Importer(815301076,1909f56bfc062723c751e8b465ee728b)
Start importing Assets/QA_Office/Models/Cup_half-full.fbx using Guid(b0babea25620a04478006df6113b4369) Importer(815301076,1909f56bfc062723c751e8b465ee728b)  -> (artifact id: '844d7b0a9e92c665c89479e09a4e2733') in 0.094498 seconds
Number of updated asset objects reloaded before import = 0
Number of asset objects unloaded after import = 11
========================================================================
Received Import Request.
  Time since last request: 0.000475 seconds.
  path: Assets/QA_Office/Models/DecorativeTop.FBX
  artifactKey: Guid(042b6a3c58a98a643a44a40ed5b79a0e) Importer(815301076,1909f56bfc062723c751e8b465ee728b)
Start importing Assets/QA_Office/Models/DecorativeTop.FBX using Guid(042b6a3c58a98a643a44a40ed5b79a0e) Importer(815301076,1909f56bfc062723c751e8b465ee728b)  -> (artifact id: '709d72463c5c84bf5239f3be10b5e5e9') in 0.087046 seconds
Number of updated asset objects reloaded before import = 0
Number of asset objects unloaded after import = 12
========================================================================
Received Import Request.
  Time since last request: 0.156545 seconds.
  path: Assets/QA_Office/Models/DelugeSystems.fbx
  artifactKey: Guid(3a3a651f38a897d4baf6e583a313ee55) Importer(815301076,1909f56bfc062723c751e8b465ee728b)
Start importing Assets/QA_Office/Models/DelugeSystems.fbx using Guid(3a3a651f38a897d4baf6e583a313ee55) Importer(815301076,1909f56bfc062723c751e8b465ee728b)  -> (artifact id: '6342b06da75cf25eb77d17faad81b002') in 0.077659 seconds
Number of updated asset objects reloaded before import = 0
Number of asset objects unloaded after import = 12
========================================================================
Received Import Request.
  Time since last request: 0.000034 seconds.
  path: Assets/QA_Office/Models/Document.FBX
  artifactKey: Guid(311710cbe587147419d2010019ef6878) Importer(815301076,1909f56bfc062723c751e8b465ee728b)
Start importing Assets/QA_Office/Models/Document.FBX using Guid(311710cbe587147419d2010019ef6878) Importer(815301076,1909f56bfc062723c751e8b465ee728b)  -> (artifact id: '4d421fe1ca51de9cfbac3debcd81d345') in 0.078520 seconds
Number of updated asset objects reloaded before import = 0
Number of asset objects unloaded after import = 13
========================================================================
Received Import Request.
  Time since last request: 0.137180 seconds.
  path: Assets/QA_Office/Models/Door.FBX
  artifactKey: Guid(2999ad24985a70849a69c9f5fedfa5d5) Importer(815301076,1909f56bfc062723c751e8b465ee728b)
Start importing Assets/QA_Office/Models/Door.FBX using Guid(2999ad24985a70849a69c9f5fedfa5d5) Importer(815301076,1909f56bfc062723c751e8b465ee728b)  -> (artifact id: '8c467d72691d527c1f83ec4cc1aa2e8e') in 0.083783 seconds
Number of updated asset objects reloaded before import = 0
Number of asset objects unloaded after import = 25
========================================================================
Received Import Request.
  Time since last request: 0.000027 seconds.
  path: Assets/QA_Office/Models/DoorA.FBX
  artifactKey: Guid(475040af7c738fb4d92dff1dc740f7d1) Importer(815301076,1909f56bfc062723c751e8b465ee728b)
Start importing Assets/QA_Office/Models/DoorA.FBX using Guid(475040af7c738fb4d92dff1dc740f7d1) Importer(815301076,1909f56bfc062723c751e8b465ee728b)  -> (artifact id: '6034cb1e8c0417ccfed04c4db53a71df') in 0.088649 seconds
Number of updated asset objects reloaded before import = 0
Number of asset objects unloaded after import = 22
========================================================================
Received Import Request.
  Time since last request: 0.045744 seconds.
  path: Assets/QA_Office/Models/DoorGlass.FBX
  artifactKey: Guid(41c19a855abf4cf42a9dd99ae6188c45) Importer(815301076,1909f56bfc062723c751e8b465ee728b)
Start importing Assets/QA_Office/Models/DoorGlass.FBX using Guid(41c19a855abf4cf42a9dd99ae6188c45) Importer(815301076,1909f56bfc062723c751e8b465ee728b)  -> (artifact id: 'f1ea32e4301990ea327308f08b9fb664') in 0.074641 seconds
Number of updated asset objects reloaded before import = 0
Number of asset objects unloaded after import = 22
========================================================================
Received Import Request.
  Time since last request: 10.927037 seconds.
  path: Assets/AK Studio Art
  artifactKey: Guid(c7bc3891f61e530438060b236143bd71) Importer(815301076,1909f56bfc062723c751e8b465ee728b)
Start importing Assets/AK Studio Art using Guid(c7bc3891f61e530438060b236143bd71) Importer(815301076,1909f56bfc062723c751e8b465ee728b)  -> (artifact id: 'b98aca9f34c9036b0bb453ea4bc90cc0') in 0.001319 seconds
Number of updated asset objects reloaded before import = 0
Number of asset objects unloaded after import = 0
========================================================================
Received Import Request.
  Time since last request: 11.170616 seconds.
  path: Assets/DogVoiceScript.cs
  artifactKey: Guid(69f0bf355cce9ec46a53e44e4b127a28) Importer(815301076,1909f56bfc062723c751e8b465ee728b)
Start importing Assets/DogVoiceScript.cs using Guid(69f0bf355cce9ec46a53e44e4b127a28) Importer(815301076,1909f56bfc062723c751e8b465ee728b)  -> (artifact id: '33a31ee538454c558488a13dc79413c4') in 0.000619 seconds
Number of updated asset objects reloaded before import = 0
Number of asset objects unloaded after import = 0
========================================================================
Received Import Request.
  Time since last request: 0.456370 seconds.
  path: Assets/Enemy_Zone_Manager.cs
  artifactKey: Guid(5f963ddc8dd359d42b584ccd0c67ec45) Importer(815301076,1909f56bfc062723c751e8b465ee728b)
Start importing Assets/Enemy_Zone_Manager.cs using Guid(5f963ddc8dd359d42b584ccd0c67ec45) Importer(815301076,1909f56bfc062723c751e8b465ee728b)  -> (artifact id: '29472e34b2daa5d683f920a73c739e3b') in 0.000844 seconds
Number of updated asset objects reloaded before import = 0
Number of asset objects unloaded after import = 0
========================================================================
Received Import Request.
  Time since last request: 2.802293 seconds.
  path: Assets/CarController2.cs
  artifactKey: Guid(f8876bf233ebbc147a916159289a7494) Importer(815301076,1909f56bfc062723c751e8b465ee728b)
Start importing Assets/CarController2.cs using Guid(f8876bf233ebbc147a916159289a7494) Importer(815301076,1909f56bfc062723c751e8b465ee728b)  -> (artifact id: '7ea302244d20dd27c19ff1e9ab5b27e3') in 0.000650 seconds
Number of updated asset objects reloaded before import = 0
Number of asset objects unloaded after import = 0
========================================================================
Received Import Request.
  Time since last request: 5.717703 seconds.
  path: Assets/DogScript.cs
  artifactKey: Guid(891e8942fb9e97e48a6bbee205be3803) Importer(815301076,1909f56bfc062723c751e8b465ee728b)
Start importing Assets/DogScript.cs using Guid(891e8942fb9e97e48a6bbee205be3803) Importer(815301076,1909f56bfc062723c751e8b465ee728b)  -> (artifact id: 'cbbfe16ed400db265097e9cd853812d5') in 0.000608 seconds
Number of updated asset objects reloaded before import = 0
Number of asset objects unloaded after import = 0
========================================================================
Received Import Request.
  Time since last request: 30.218964 seconds.
  path: Assets/QA_PoliceStation
  artifactKey: Guid(08fa2065f4b627d45a13912991e6433d) Importer(815301076,1909f56bfc062723c751e8b465ee728b)
Start importing Assets/QA_PoliceStation using Guid(08fa2065f4b627d45a13912991e6433d) Importer(815301076,1909f56bfc062723c751e8b465ee728b)  -> (artifact id: 'ea6bf863f9bea7b9c009ad4728495d4c') in 0.000878 seconds
Number of updated asset objects reloaded before import = 0
Number of asset objects unloaded after import = 0
========================================================================
Received Import Request.
  Time since last request: 1.528172 seconds.
  path: Assets/QA_PoliceStation/Scripts
  artifactKey: Guid(33f6437d4ad2c4840babc1309731c9a8) Importer(815301076,1909f56bfc062723c751e8b465ee728b)
Start importing Assets/QA_PoliceStation/Scripts using Guid(33f6437d4ad2c4840babc1309731c9a8) Importer(815301076,1909f56bfc062723c751e8b465ee728b)  -> (artifact id: 'a4e2c714611d98552af3b150048a4e6d') in 0.000635 seconds
Number of updated asset objects reloaded before import = 0
Number of asset objects unloaded after import = 0
========================================================================
Received Prepare
Assembly with name 'HeurekaGames.Utils' already exists (Assets/Heureka/Global/Editor/Heureka_GlobalAssemblyDefinition.asmdef)
Assembly with name 'HeurekaGames.Utils' already exists (Packages/com.heurekagames.utils/Editor/Heureka_GlobalAssemblyDefinition.asmdef)
Assembly with name 'HeurekaGames.AssetHunterPRO.Editor' already exists (Assets/Heureka/AssetHunterPRO/Editor/Scripts/AH_AssemblyDefinition.asmdef)
Assembly with name 'HeurekaGames.AssetHunterPRO.Editor' already exists (Packages/com.heurekagames.assethunterpro/Editor/Scripts/AH_AssemblyDefinition.asmdef)
Assembly with name 'HeurekaGames.Utils' already exists (Assets/Heureka/Global/Editor/Heureka_GlobalAssemblyDefinition.asmdef)
Assembly with name 'HeurekaGames.Utils' already exists (Packages/com.heurekagames.utils/Editor/Heureka_GlobalAssemblyDefinition.asmdef)
Assembly with name 'HeurekaGames.AssetHunterPRO.Editor' already exists (Assets/Heureka/AssetHunterPRO/Editor/Scripts/AH_AssemblyDefinition.asmdef)
Assembly with name 'HeurekaGames.AssetHunterPRO.Editor' already exists (Packages/com.heurekagames.assethunterpro/Editor/Scripts/AH_AssemblyDefinition.asmdef)
Begin MonoManager ReloadAssembly
Symbol file LoadedFromMemory is not a mono symbol file
- Loaded All Assemblies, in  4.388 seconds
Refreshing native plugins compatible for Editor in 18.51 ms, found 7 plugins.
Native extension for UWP target not found
Native extension for WindowsStandalone target not found
Native extension for Android target not found
Native extension for WebGL target not found
Assembly with name 'HeurekaGames.Utils' already exists (Assets/Heureka/Global/Editor/Heureka_GlobalAssemblyDefinition.asmdef)
Assembly with name 'HeurekaGames.Utils' already exists (Packages/com.heurekagames.utils/Editor/Heureka_GlobalAssemblyDefinition.asmdef)
Assembly with name 'HeurekaGames.AssetHunterPRO.Editor' already exists (Assets/Heureka/AssetHunterPRO/Editor/Scripts/AH_AssemblyDefinition.asmdef)
Assembly with name 'HeurekaGames.AssetHunterPRO.Editor' already exists (Packages/com.heurekagames.assethunterpro/Editor/Scripts/AH_AssemblyDefinition.asmdef)
[MODES] ModeService[none].Initialize
[MODES] ModeService[none].LoadModes
[MODES] Loading mode Default (0) for mode-current-id-MasterGame
[Package Manager] Server::EnsureServerProcessIsRunning -- launch failed, reason: Unity was launched with the -noUpm command-line argument
[Package Manager] UpmClient::Send -- Unable to send message (not connected to UPM process).
[Package Manager] Cannot connect to Unity Package Manager local server
Mono: successfully reloaded assembly
- Finished resetting the current domain, in 48.922 seconds
Domain Reload Profiling: 53302ms
	BeginReloadAssembly (493ms)
		ExecutionOrderSort (0ms)
		DisableScriptedObjects (33ms)
		BackupInstance (0ms)
		ReleaseScriptingObjects (0ms)
		CreateAndSetChildDomain (146ms)
	RebuildCommonClasses (99ms)
	RebuildNativeTypeToScriptingClass (31ms)
	initialDomainReloadingComplete (64ms)
	LoadAllAssembliesAndSetupDomain (3693ms)
		LoadAssemblies (3858ms)
		RebuildTransferFunctionScriptingTraits (0ms)
		AnalyzeDomain (73ms)
			TypeCache.Refresh (19ms)
				TypeCache.ScanAssembly (4ms)
			ScanForSourceGeneratedMonoScriptInfo (28ms)
			ResolveRequiredComponents (24ms)
	FinalizeReload (48923ms)
		ReleaseScriptCaches (0ms)
		RebuildScriptCaches (0ms)
		SetupLoadedEditorAssemblies (1613ms)
			LogAssemblyErrors (0ms)
			InitializePlatformSupportModulesInManaged (50ms)
			SetLoadedEditorAssemblies (10ms)
			RefreshPlugins (0ms)
			BeforeProcessingInitializeOnLoad (375ms)
			ProcessInitializeOnLoadAttributes (1018ms)
			ProcessInitializeOnLoadMethodAttributes (144ms)
			AfterProcessingInitializeOnLoad (15ms)
			EditorAssembliesLoaded (1ms)
		ExecutionOrderSort2 (0ms)
		AwakeInstancesAfterBackupRestoration (30ms)
Refreshing native plugins compatible for Editor in 16.65 ms, found 7 plugins.
Preloading 0 native plugins for Editor in 0.00 ms.
Unloading 7352 Unused Serialized files (Serialized files now loaded: 0)
Unloading 88 unused Assets / (2.1 MB). Loaded Objects now: 8086.
Memory consumption went from 258.2 MB to 256.1 MB.
Total: 9.083000 ms (FindLiveObjects: 0.825900 ms CreateObjectMapping: 1.124000 ms MarkObjects: 6.228900 ms  DeleteObjects: 0.902700 ms)

Prepare: number of updated asset objects reloaded= 0
AssetImportParameters requested are different than current active one (requested -> active):
  custom:container-demuxer-ogg: 62fdf1f143b41e24485cea50d1cbac27 -> 
  custom:scripting/monoscript/fileName/Heureka_PackageDataManagerEditor.cs: 1777346dfd4a472babfe02657061ddf3 -> 0283f4e02a9fddc874a98bd37619e487
  custom:framework-win-MediaFoundation: 216162199b28c13a410421893ffa2e32 -> 
  custom:scripting/monoscript/fileName/Heureka_ResourceLoader.cs: f968c1c99fece12703bda844d81df314 -> 1c96955c0d2bdcf6c9597c61f0dbbb2b
  custom:container-muxer-webm: aa71ff27fc2769a1b78a27578f13a17b -> 
  custom:video-decoder-webm-vp8: 9c59270c3fd7afecdb556c50c9e8de78 -> 
  custom:SearchIndexIgnoredProperties: e643bd26f0fe6173181afceb89e7c659 -> 
  custom:AudioImporter_EditorPlatform: d09bf68614088b80899f8185d706f6e7 -> 
  custom:scripting/monoscript/fileName/Heureka_PackageDataPromo.cs: 4cc54aaaeb48b855d6de281427db7b0e -> 9b3d309badda0b98c73d79985aed4017
  custom:scripting/monoscript/fileName/Heureka_PackageData.cs: a77d8fa82b756be5854c89b125e4179c -> 1b81e305f1652a38d26557afd2951a42
  custom:audio-decoder-ogg-vorbis: bf7c407c2cedff20999df2af8eb42d56 -> 
  custom:audio-encoder-webm-vorbis: bf7c407c2cedff20999df2af8eb42d56 -> 
  custom:scripting/monoscript/fileName/Heureka_EditorData.cs: 9bcdb3f6232f4ef0847dc88c656ad317 -> 640097c863c02b4874826e48cd16873b
  custom:video-decoder-ogg-theora: a1e56fd34408186e4bbccfd4996cb3dc -> 
  custom:scripting/monoscript/fileName/Heureka_WindowStyler.cs: 68063522d7ff4309dd6997c7f092f308 -> 31bcc41fd6d24e07da288fcac32282a9
  custom:CustomObjectIndexerAttribute: 39606d92bcf39ac9cd6fca1116091104 -> 
  custom:container-demuxer-webm: 4f35f7cbe854078d1ac9338744f61a02 -> 
  custom:scripting/monoscript/fileName/Heureka_PackageDataVersioned.cs: 8bd6864688daa554a7b01da6e8fa7515 -> 5f3b2fbc37a50a86e9e7787676361484
  custom:video-encoder-webm-vp8: eb34c28f22e8b96e1ab97ce403110664 -> 
  custom:scripting/monoscript/fileName/Heureka_Serializer.cs: ad34013e842a89497f5be81aea27204f -> f8a1c36b6e9cfbcaaf6981d63a44d6f5
  custom:scripting/monoscript/fileName/Heureka_AddDefineSymbols.cs: 62455b51b186fb7971d30de238639228 -> 495ec52b205663ec118b592a19e4bc26
  custom:scripting/monoscript/fileName/Heureka_PackageDataManager.cs: 4d35c4ef08ffad6b0e14f70c7aa30310 -> ceb114dec810c7e1286ef6121c8e213a
========================================================================
Received Import Request.
  Time since last request: 124.673516 seconds.
  path: Assets/KevinCastejon/ConeMesh/Core/ConeMeshAssembly.asmdef
  artifactKey: Guid(1eaa79df54abda04295ca027d7ba718f) Importer(815301076,1909f56bfc062723c751e8b465ee728b)
Start importing Assets/KevinCastejon/ConeMesh/Core/ConeMeshAssembly.asmdef using Guid(1eaa79df54abda04295ca027d7ba718f) Importer(815301076,1909f56bfc062723c751e8b465ee728b)  -> (artifact id: '51e2afba8e132765fc6d656fbedea64e') in 0.003444 seconds
Number of updated asset objects reloaded before import = 0
Number of asset objects unloaded after import = 0
========================================================================
Received Import Request.
  Time since last request: 0.000028 seconds.
  path: Assets/AllSkyFree
  artifactKey: Guid(0dbdb6fda50df37499371e28250ee234) Importer(815301076,1909f56bfc062723c751e8b465ee728b)
Start importing Assets/AllSkyFree using Guid(0dbdb6fda50df37499371e28250ee234) Importer(815301076,1909f56bfc062723c751e8b465ee728b)  -> (artifact id: '33b6b24ac6331ede19581efa499fbde4') in 0.000980 seconds
Number of updated asset objects reloaded before import = 0
Number of asset objects unloaded after import = 0
========================================================================
Received Import Request.
  Time since last request: 0.000091 seconds.
  path: Assets/KevinCastejon/ConeMesh
  artifactKey: Guid(db4cfc3973c3695489576e642e13b836) Importer(815301076,1909f56bfc062723c751e8b465ee728b)
Start importing Assets/KevinCastejon/ConeMesh using Guid(db4cfc3973c3695489576e642e13b836) Importer(815301076,1909f56bfc062723c751e8b465ee728b)  -> (artifact id: '6b736365cce5fc0971696f3689932195') in 0.000964 seconds
Number of updated asset objects reloaded before import = 0
Number of asset objects unloaded after import = 0
========================================================================
Received Import Request.
  Time since last request: 0.000025 seconds.
  path: Assets/AtmosphericHouse
  artifactKey: Guid(5d4b3992b68ea4f46a5eaecee8d136d3) Importer(815301076,1909f56bfc062723c751e8b465ee728b)
Start importing Assets/AtmosphericHouse using Guid(5d4b3992b68ea4f46a5eaecee8d136d3) Importer(815301076,1909f56bfc062723c751e8b465ee728b)  -> (artifact id: '4e763824acaa4efb3707857ff64a1b7c') in 0.000872 seconds
Number of updated asset objects reloaded before import = 0
Number of asset objects unloaded after import = 0
========================================================================
Received Import Request.
  Time since last request: 0.000027 seconds.
  path: Assets/Red_Deer/Dogs
  artifactKey: Guid(d916e925095f4a44aa1230e5f2ed90b1) Importer(815301076,1909f56bfc062723c751e8b465ee728b)
Start importing Assets/Red_Deer/Dogs using Guid(d916e925095f4a44aa1230e5f2ed90b1) Importer(815301076,1909f56bfc062723c751e8b465ee728b)  -> (artifact id: '18cd85a9ebe104c7711eed6cf01742c8') in 0.001131 seconds
Number of updated asset objects reloaded before import = 0
Number of asset objects unloaded after import = 0
========================================================================
Received Import Request.
  Time since last request: 0.000019 seconds.
  path: Assets/AllSkyFree/Epic_GloriousPink/Epic_GloriousPink_Cam_2_Left+X.png
  artifactKey: Guid(c85a861fbad8f45169567bbfa332ecf8) Importer(815301076,1909f56bfc062723c751e8b465ee728b)
Start importing Assets/AllSkyFree/Epic_GloriousPink/Epic_GloriousPink_Cam_2_Left+X.png using Guid(c85a861fbad8f45169567bbfa332ecf8) Importer(815301076,1909f56bfc062723c751e8b465ee728b)  -> (artifact id: 'ecd5d369a962fd7f35b8f36834d9879d') in 0.102379 seconds
Number of updated asset objects reloaded before import = 0
Number of asset objects unloaded after import = 2
========================================================================
Received Import Request.
  Time since last request: 0.000024 seconds.
  path: Assets/KevinCastejon
  artifactKey: Guid(6a73e63e978b92a409733a685fb68d63) Importer(815301076,1909f56bfc062723c751e8b465ee728b)
Start importing Assets/KevinCastejon using Guid(6a73e63e978b92a409733a685fb68d63) Importer(815301076,1909f56bfc062723c751e8b465ee728b)  -> (artifact id: 'e23d2b5cc186054a7be66ddc2034097c') in 0.000740 seconds
Number of updated asset objects reloaded before import = 0
Number of asset objects unloaded after import = 0
========================================================================
Received Import Request.
  Time since last request: 0.000021 seconds.
  path: Assets/Red_Deer/Dogs/Shepherd
  artifactKey: Guid(1c3affbe500c6334e8226e4bcb761a69) Importer(815301076,1909f56bfc062723c751e8b465ee728b)
Start importing Assets/Red_Deer/Dogs/Shepherd using Guid(1c3affbe500c6334e8226e4bcb761a69) Importer(815301076,1909f56bfc062723c751e8b465ee728b)  -> (artifact id: 'de6ea1093a1ec0bdf18386d91ccb7186') in 0.000736 seconds
Number of updated asset objects reloaded before import = 0
Number of asset objects unloaded after import = 0
========================================================================
Received Import Request.
  Time since last request: 0.000029 seconds.
  path: Assets/AllSkyFree/Epic_GloriousPink/Epic_GloriousPink_Cam_3_Right-X.png
  artifactKey: Guid(938f8444195114ab791cdba8f627e3e7) Importer(815301076,1909f56bfc062723c751e8b465ee728b)
Start importing Assets/AllSkyFree/Epic_GloriousPink/Epic_GloriousPink_Cam_3_Right-X.png using Guid(938f8444195114ab791cdba8f627e3e7) Importer(815301076,1909f56bfc062723c751e8b465ee728b)  -> (artifact id: '6ee7729e95cbc034c9976d8a48403c8b') in 0.047451 seconds
Number of updated asset objects reloaded before import = 0
Number of asset objects unloaded after import = 2
========================================================================
Received Import Request.
  Time since last request: 0.000025 seconds.
  path: Assets/AllSkyFree/Epic_GloriousPink/Epic_GloriousPink_Cam_0_Front+Z.png
  artifactKey: Guid(87dff0577f22146db9255e2cf270d6ee) Importer(815301076,1909f56bfc062723c751e8b465ee728b)
Start importing Assets/AllSkyFree/Epic_GloriousPink/Epic_GloriousPink_Cam_0_Front+Z.png using Guid(87dff0577f22146db9255e2cf270d6ee) Importer(815301076,1909f56bfc062723c751e8b465ee728b)  -> (artifact id: '6f3db6255970b9fab83b3aa063f66736') in 0.065942 seconds
Number of updated asset objects reloaded before import = 0
Number of asset objects unloaded after import = 2
========================================================================
Received Import Request.
  Time since last request: 0.000024 seconds.
  path: Assets/AllSkyFree/Epic_GloriousPink/Epic_GloriousPink_Cam_4_Up+Y.png
  artifactKey: Guid(c3e1d31cf8ef742ad8aed75a1fdaff49) Importer(815301076,1909f56bfc062723c751e8b465ee728b)
Start importing Assets/AllSkyFree/Epic_GloriousPink/Epic_GloriousPink_Cam_4_Up+Y.png using Guid(c3e1d31cf8ef742ad8aed75a1fdaff49) Importer(815301076,1909f56bfc062723c751e8b465ee728b)  -> (artifact id: '842ec83c315f84e98969c850ec249418') in 0.034571 seconds
Number of updated asset objects reloaded before import = 0
Number of asset objects unloaded after import = 2
========================================================================
Received Import Request.
  Time since last request: 0.000027 seconds.
  path: Assets/Red_Deer/Dogs/Shepherd/Dog
  artifactKey: Guid(86a95c6e1608ed441a416cf21c935c14) Importer(815301076,1909f56bfc062723c751e8b465ee728b)
Start importing Assets/Red_Deer/Dogs/Shepherd/Dog using Guid(86a95c6e1608ed441a416cf21c935c14) Importer(815301076,1909f56bfc062723c751e8b465ee728b)  -> (artifact id: '7b44390057e1599a0d68df5bea4bfd4b') in 0.000789 seconds
Number of updated asset objects reloaded before import = 0
Number of asset objects unloaded after import = 0
